{"coverageMap": {"/Users/jkancel/root/job/meilleur_agent/frontend-technical-test/front/src/App.tsx": {"path":"/Users/jkancel/root/job/meilleur_agent/frontend-technical-test/front/src/App.tsx","all":false,"statementMap":{"0":{"start":{"line":1,"column":0},"end":{"line":1,"column":84}},"1":{"start":{"line":2,"column":0},"end":{"line":2,"column":77}},"2":{"start":{"line":3,"column":0},"end":{"line":3,"column":60}},"3":{"start":{"line":4,"column":0},"end":{"line":4,"column":48}},"4":{"start":{"line":5,"column":0},"end":{"line":5,"column":57}},"5":{"start":{"line":6,"column":0},"end":{"line":6,"column":61}},"6":{"start":{"line":7,"column":0},"end":{"line":7,"column":53}},"7":{"start":{"line":8,"column":0},"end":{"line":8,"column":33}},"8":{"start":{"line":9,"column":0},"end":{"line":9,"column":74}},"9":{"start":{"line":10,"column":0},"end":{"line":10,"column":0}},"10":{"start":{"line":11,"column":0},"end":{"line":11,"column":26}},"11":{"start":{"line":12,"column":0},"end":{"line":12,"column":100}},"12":{"start":{"line":13,"column":0},"end":{"line":13,"column":48}},"13":{"start":{"line":14,"column":0},"end":{"line":14,"column":9}},"14":{"start":{"line":15,"column":0},"end":{"line":15,"column":17}},"15":{"start":{"line":16,"column":0},"end":{"line":16,"column":18}},"16":{"start":{"line":17,"column":0},"end":{"line":17,"column":12}},"17":{"start":{"line":18,"column":0},"end":{"line":18,"column":20}},"18":{"start":{"line":19,"column":0},"end":{"line":19,"column":39}},"19":{"start":{"line":20,"column":0},"end":{"line":20,"column":15}},"20":{"start":{"line":21,"column":0},"end":{"line":21,"column":45}},"21":{"start":{"line":22,"column":0},"end":{"line":22,"column":25}},"22":{"start":{"line":23,"column":0},"end":{"line":23,"column":11}},"23":{"start":{"line":24,"column":0},"end":{"line":24,"column":76}},"24":{"start":{"line":25,"column":0},"end":{"line":25,"column":89}},"25":{"start":{"line":26,"column":0},"end":{"line":26,"column":12}},"26":{"start":{"line":27,"column":0},"end":{"line":27,"column":13}},"27":{"start":{"line":28,"column":0},"end":{"line":28,"column":73}},"28":{"start":{"line":29,"column":0},"end":{"line":29,"column":16}},"29":{"start":{"line":30,"column":0},"end":{"line":30,"column":28}},"30":{"start":{"line":31,"column":0},"end":{"line":31,"column":20}},"31":{"start":{"line":32,"column":0},"end":{"line":32,"column":45}},"32":{"start":{"line":33,"column":0},"end":{"line":33,"column":31}},"33":{"start":{"line":34,"column":0},"end":{"line":34,"column":23}},"34":{"start":{"line":35,"column":0},"end":{"line":35,"column":12}},"35":{"start":{"line":36,"column":0},"end":{"line":36,"column":12}},"36":{"start":{"line":37,"column":0},"end":{"line":37,"column":17}},"37":{"start":{"line":38,"column":0},"end":{"line":38,"column":10}},"38":{"start":{"line":39,"column":0},"end":{"line":39,"column":64}},"39":{"start":{"line":40,"column":0},"end":{"line":40,"column":16}},"40":{"start":{"line":41,"column":0},"end":{"line":41,"column":17}},"41":{"start":{"line":42,"column":0},"end":{"line":42,"column":21}},"42":{"start":{"line":43,"column":0},"end":{"line":43,"column":13}},"43":{"start":{"line":44,"column":0},"end":{"line":44,"column":19}},"44":{"start":{"line":45,"column":0},"end":{"line":45,"column":18}},"45":{"start":{"line":46,"column":0},"end":{"line":46,"column":3}},"46":{"start":{"line":47,"column":0},"end":{"line":47,"column":2}}},"s":{"0":1,"1":1,"2":1,"3":1,"4":1,"5":1,"6":1,"7":1,"8":1,"9":1,"10":1,"11":2,"12":2,"13":2,"14":2,"15":2,"16":2,"17":2,"18":2,"19":2,"20":2,"21":2,"22":0,"23":2,"24":2,"25":2,"26":2,"27":2,"28":2,"29":2,"30":2,"31":2,"32":2,"33":2,"34":2,"35":2,"36":2,"37":2,"38":2,"39":2,"40":2,"41":2,"42":2,"43":2,"44":2,"45":2,"46":2},"branchMap":{"0":{"type":"branch","line":11,"loc":{"start":{"line":11,"column":19},"end":{"line":47,"column":2}},"locations":[{"start":{"line":11,"column":19},"end":{"line":47,"column":2}}]},"1":{"type":"branch","line":22,"loc":{"start":{"line":22,"column":9},"end":{"line":23,"column":11}},"locations":[{"start":{"line":22,"column":9},"end":{"line":23,"column":11}}]},"2":{"type":"branch","line":47,"loc":{"start":{"line":47,"column":1},"end":{"line":47,"column":2}},"locations":[{"start":{"line":47,"column":1},"end":{"line":47,"column":2}}]}},"b":{"0":[2],"1":[0],"2":[1]},"fnMap":{"0":{"name":"App","decl":{"start":{"line":11,"column":19},"end":{"line":47,"column":2}},"loc":{"start":{"line":11,"column":19},"end":{"line":47,"column":2}},"line":11},"1":{"name":"get","decl":{"start":{"line":47,"column":1},"end":{"line":47,"column":2}},"loc":{"start":{"line":47,"column":1},"end":{"line":47,"column":2}},"line":47}},"f":{"0":2,"1":1}}
,"/Users/jkancel/root/job/meilleur_agent/frontend-technical-test/front/src/components/features/messageDetails/messageDetails.tsx": {"path":"/Users/jkancel/root/job/meilleur_agent/frontend-technical-test/front/src/components/features/messageDetails/messageDetails.tsx","all":false,"statementMap":{"0":{"start":{"line":1,"column":0},"end":{"line":1,"column":87}},"1":{"start":{"line":2,"column":0},"end":{"line":2,"column":54}},"2":{"start":{"line":3,"column":0},"end":{"line":3,"column":49}},"3":{"start":{"line":4,"column":0},"end":{"line":4,"column":62}},"4":{"start":{"line":5,"column":0},"end":{"line":5,"column":27}},"5":{"start":{"line":6,"column":0},"end":{"line":6,"column":0}},"6":{"start":{"line":7,"column":0},"end":{"line":7,"column":37}},"7":{"start":{"line":8,"column":0},"end":{"line":8,"column":46}},"8":{"start":{"line":9,"column":0},"end":{"line":9,"column":0}},"9":{"start":{"line":10,"column":0},"end":{"line":10,"column":51}},"10":{"start":{"line":11,"column":0},"end":{"line":11,"column":9}},"11":{"start":{"line":12,"column":0},"end":{"line":12,"column":10}},"12":{"start":{"line":13,"column":0},"end":{"line":13,"column":30}},"13":{"start":{"line":14,"column":0},"end":{"line":14,"column":98}},"14":{"start":{"line":15,"column":0},"end":{"line":15,"column":42}},"15":{"start":{"line":16,"column":0},"end":{"line":16,"column":65}},"16":{"start":{"line":17,"column":0},"end":{"line":17,"column":49}},"17":{"start":{"line":18,"column":0},"end":{"line":18,"column":50}},"18":{"start":{"line":19,"column":0},"end":{"line":19,"column":14}},"19":{"start":{"line":20,"column":0},"end":{"line":20,"column":5}},"20":{"start":{"line":21,"column":0},"end":{"line":21,"column":12}},"21":{"start":{"line":22,"column":0},"end":{"line":22,"column":3}},"22":{"start":{"line":23,"column":0},"end":{"line":23,"column":2}},"23":{"start":{"line":24,"column":0},"end":{"line":24,"column":0}},"24":{"start":{"line":25,"column":0},"end":{"line":25,"column":25}},"25":{"start":{"line":26,"column":0},"end":{"line":26,"column":24}},"26":{"start":{"line":27,"column":0},"end":{"line":27,"column":2}},"27":{"start":{"line":28,"column":0},"end":{"line":28,"column":0}},"28":{"start":{"line":29,"column":0},"end":{"line":29,"column":73}},"29":{"start":{"line":30,"column":0},"end":{"line":30,"column":9}},"30":{"start":{"line":31,"column":0},"end":{"line":31,"column":67}},"31":{"start":{"line":32,"column":0},"end":{"line":32,"column":8}},"32":{"start":{"line":33,"column":0},"end":{"line":33,"column":37}},"33":{"start":{"line":34,"column":0},"end":{"line":34,"column":71}},"34":{"start":{"line":35,"column":0},"end":{"line":35,"column":8}},"35":{"start":{"line":36,"column":0},"end":{"line":36,"column":87}},"36":{"start":{"line":37,"column":0},"end":{"line":37,"column":9}},"37":{"start":{"line":38,"column":0},"end":{"line":38,"column":8}},"38":{"start":{"line":39,"column":0},"end":{"line":39,"column":31}},"39":{"start":{"line":40,"column":0},"end":{"line":40,"column":9}},"40":{"start":{"line":41,"column":0},"end":{"line":41,"column":8}},"41":{"start":{"line":42,"column":0},"end":{"line":42,"column":3}},"42":{"start":{"line":43,"column":0},"end":{"line":43,"column":2}},"43":{"start":{"line":44,"column":0},"end":{"line":44,"column":0}},"44":{"start":{"line":45,"column":0},"end":{"line":45,"column":72}},"45":{"start":{"line":46,"column":0},"end":{"line":46,"column":9}},"46":{"start":{"line":47,"column":0},"end":{"line":47,"column":58}},"47":{"start":{"line":48,"column":0},"end":{"line":48,"column":45}},"48":{"start":{"line":49,"column":0},"end":{"line":49,"column":68}},"49":{"start":{"line":50,"column":0},"end":{"line":50,"column":9}},"50":{"start":{"line":51,"column":0},"end":{"line":51,"column":47}},"51":{"start":{"line":52,"column":0},"end":{"line":52,"column":9}},"52":{"start":{"line":53,"column":0},"end":{"line":53,"column":38}},"53":{"start":{"line":54,"column":0},"end":{"line":54,"column":72}},"54":{"start":{"line":55,"column":0},"end":{"line":55,"column":9}},"55":{"start":{"line":56,"column":0},"end":{"line":56,"column":10}},"56":{"start":{"line":57,"column":0},"end":{"line":57,"column":26}},"57":{"start":{"line":58,"column":0},"end":{"line":58,"column":38}},"58":{"start":{"line":59,"column":0},"end":{"line":59,"column":8}},"59":{"start":{"line":60,"column":0},"end":{"line":60,"column":74}},"60":{"start":{"line":61,"column":0},"end":{"line":61,"column":9}},"61":{"start":{"line":62,"column":0},"end":{"line":62,"column":10}},"62":{"start":{"line":63,"column":0},"end":{"line":63,"column":26}},"63":{"start":{"line":64,"column":0},"end":{"line":64,"column":42}},"64":{"start":{"line":65,"column":0},"end":{"line":65,"column":8}},"65":{"start":{"line":66,"column":0},"end":{"line":66,"column":74}},"66":{"start":{"line":67,"column":0},"end":{"line":67,"column":9}},"67":{"start":{"line":68,"column":0},"end":{"line":68,"column":10}},"68":{"start":{"line":69,"column":0},"end":{"line":69,"column":9}},"69":{"start":{"line":70,"column":0},"end":{"line":70,"column":11}},"70":{"start":{"line":71,"column":0},"end":{"line":71,"column":3}},"71":{"start":{"line":72,"column":0},"end":{"line":72,"column":2}}},"s":{"0":1,"1":1,"2":1,"3":1,"4":1,"5":1,"6":1,"7":4,"8":4,"9":4,"10":4,"11":4,"12":4,"13":4,"14":4,"15":4,"16":4,"17":4,"18":4,"19":4,"20":4,"21":4,"22":4,"23":1,"24":1,"25":1,"26":1,"27":1,"28":1,"29":2,"30":2,"31":2,"32":2,"33":2,"34":2,"35":2,"36":2,"37":2,"38":2,"39":2,"40":2,"41":2,"42":2,"43":1,"44":1,"45":2,"46":2,"47":2,"48":2,"49":2,"50":2,"51":2,"52":2,"53":2,"54":2,"55":2,"56":2,"57":2,"58":2,"59":2,"60":2,"61":2,"62":2,"63":2,"64":2,"65":2,"66":2,"67":2,"68":2,"69":2,"70":2,"71":2},"branchMap":{"0":{"type":"branch","line":7,"loc":{"start":{"line":7,"column":30},"end":{"line":23,"column":2}},"locations":[{"start":{"line":7,"column":30},"end":{"line":23,"column":2}}]},"1":{"type":"branch","line":15,"loc":{"start":{"line":15,"column":4},"end":{"line":15,"column":42}},"locations":[{"start":{"line":15,"column":4},"end":{"line":15,"column":42}}]},"2":{"type":"branch","line":15,"loc":{"start":{"line":15,"column":35},"end":{"line":16,"column":13}},"locations":[{"start":{"line":15,"column":35},"end":{"line":16,"column":13}}]},"3":{"type":"branch","line":23,"loc":{"start":{"line":23,"column":1},"end":{"line":23,"column":2}},"locations":[{"start":{"line":23,"column":1},"end":{"line":23,"column":2}}]},"4":{"type":"branch","line":29,"loc":{"start":{"line":29,"column":50},"end":{"line":43,"column":2}},"locations":[{"start":{"line":29,"column":50},"end":{"line":43,"column":2}}]},"5":{"type":"branch","line":45,"loc":{"start":{"line":45,"column":49},"end":{"line":72,"column":2}},"locations":[{"start":{"line":45,"column":49},"end":{"line":72,"column":2}}]}},"b":{"0":[4],"1":[2],"2":[2],"3":[3],"4":[2],"5":[2]},"fnMap":{"0":{"name":"MessageDetails","decl":{"start":{"line":7,"column":30},"end":{"line":23,"column":2}},"loc":{"start":{"line":7,"column":30},"end":{"line":23,"column":2}},"line":7},"1":{"name":"get","decl":{"start":{"line":23,"column":1},"end":{"line":23,"column":2}},"loc":{"start":{"line":23,"column":1},"end":{"line":23,"column":2}},"line":23},"2":{"name":"MessageBody","decl":{"start":{"line":29,"column":50},"end":{"line":43,"column":2}},"loc":{"start":{"line":29,"column":50},"end":{"line":43,"column":2}},"line":29},"3":{"name":"get","decl":{"start":{"line":43,"column":1},"end":{"line":43,"column":2}},"loc":{"start":{"line":43,"column":1},"end":{"line":43,"column":2}},"line":43},"4":{"name":"SenderInfo","decl":{"start":{"line":45,"column":49},"end":{"line":72,"column":2}},"loc":{"start":{"line":45,"column":49},"end":{"line":72,"column":2}},"line":45},"5":{"name":"get","decl":{"start":{"line":72,"column":1},"end":{"line":72,"column":2}},"loc":{"start":{"line":72,"column":1},"end":{"line":72,"column":2}},"line":72}},"f":{"0":4,"1":3,"2":2,"3":0,"4":2,"5":0}}
,"/Users/jkancel/root/job/meilleur_agent/frontend-technical-test/front/src/components/features/messageList/messagesList.tsx": {"path":"/Users/jkancel/root/job/meilleur_agent/frontend-technical-test/front/src/components/features/messageList/messagesList.tsx","all":false,"statementMap":{"0":{"start":{"line":1,"column":0},"end":{"line":1,"column":83}},"1":{"start":{"line":2,"column":0},"end":{"line":2,"column":73}},"2":{"start":{"line":3,"column":0},"end":{"line":3,"column":49}},"3":{"start":{"line":4,"column":0},"end":{"line":4,"column":61}},"4":{"start":{"line":5,"column":0},"end":{"line":5,"column":49}},"5":{"start":{"line":6,"column":0},"end":{"line":6,"column":49}},"6":{"start":{"line":7,"column":0},"end":{"line":7,"column":26}},"7":{"start":{"line":8,"column":0},"end":{"line":8,"column":44}},"8":{"start":{"line":9,"column":0},"end":{"line":9,"column":59}},"9":{"start":{"line":10,"column":0},"end":{"line":10,"column":0}},"10":{"start":{"line":11,"column":0},"end":{"line":11,"column":35}},"11":{"start":{"line":12,"column":0},"end":{"line":12,"column":86}},"12":{"start":{"line":13,"column":0},"end":{"line":13,"column":48}},"13":{"start":{"line":14,"column":0},"end":{"line":14,"column":39}},"14":{"start":{"line":15,"column":0},"end":{"line":15,"column":64}},"15":{"start":{"line":16,"column":0},"end":{"line":16,"column":90}},"16":{"start":{"line":17,"column":0},"end":{"line":17,"column":0}},"17":{"start":{"line":18,"column":0},"end":{"line":18,"column":60}},"18":{"start":{"line":19,"column":0},"end":{"line":19,"column":62}},"19":{"start":{"line":20,"column":0},"end":{"line":20,"column":22}},"20":{"start":{"line":21,"column":0},"end":{"line":21,"column":14}},"21":{"start":{"line":22,"column":0},"end":{"line":22,"column":58}},"22":{"start":{"line":23,"column":0},"end":{"line":23,"column":15}},"23":{"start":{"line":24,"column":0},"end":{"line":24,"column":6}},"24":{"start":{"line":25,"column":0},"end":{"line":25,"column":48}},"25":{"start":{"line":26,"column":0},"end":{"line":26,"column":12}},"26":{"start":{"line":27,"column":0},"end":{"line":27,"column":3}},"27":{"start":{"line":28,"column":0},"end":{"line":28,"column":3}},"28":{"start":{"line":29,"column":0},"end":{"line":29,"column":0}},"29":{"start":{"line":30,"column":0},"end":{"line":30,"column":70}},"30":{"start":{"line":31,"column":0},"end":{"line":31,"column":0}},"31":{"start":{"line":32,"column":0},"end":{"line":32,"column":26}},"32":{"start":{"line":33,"column":0},"end":{"line":33,"column":18}},"33":{"start":{"line":34,"column":0},"end":{"line":34,"column":24}},"34":{"start":{"line":35,"column":0},"end":{"line":35,"column":22}},"35":{"start":{"line":36,"column":0},"end":{"line":36,"column":4}},"36":{"start":{"line":37,"column":0},"end":{"line":37,"column":0}},"37":{"start":{"line":38,"column":0},"end":{"line":38,"column":9}},"38":{"start":{"line":39,"column":0},"end":{"line":39,"column":4}},"39":{"start":{"line":40,"column":0},"end":{"line":40,"column":11}},"40":{"start":{"line":41,"column":0},"end":{"line":41,"column":28}},"41":{"start":{"line":42,"column":0},"end":{"line":42,"column":74}},"42":{"start":{"line":43,"column":0},"end":{"line":43,"column":64}},"43":{"start":{"line":44,"column":0},"end":{"line":44,"column":8}},"44":{"start":{"line":45,"column":0},"end":{"line":45,"column":29}},"45":{"start":{"line":46,"column":0},"end":{"line":46,"column":7}},"46":{"start":{"line":47,"column":0},"end":{"line":47,"column":42}},"47":{"start":{"line":48,"column":0},"end":{"line":48,"column":12}},"48":{"start":{"line":49,"column":0},"end":{"line":49,"column":44}},"49":{"start":{"line":50,"column":0},"end":{"line":50,"column":38}},"50":{"start":{"line":51,"column":0},"end":{"line":51,"column":29}},"51":{"start":{"line":52,"column":0},"end":{"line":52,"column":25}},"52":{"start":{"line":53,"column":0},"end":{"line":53,"column":26}},"53":{"start":{"line":54,"column":0},"end":{"line":54,"column":61}},"54":{"start":{"line":55,"column":0},"end":{"line":55,"column":10}},"55":{"start":{"line":56,"column":0},"end":{"line":56,"column":14}},"56":{"start":{"line":57,"column":0},"end":{"line":57,"column":9}},"57":{"start":{"line":58,"column":0},"end":{"line":58,"column":13}},"58":{"start":{"line":59,"column":0},"end":{"line":59,"column":20}},"59":{"start":{"line":60,"column":0},"end":{"line":60,"column":59}},"60":{"start":{"line":61,"column":0},"end":{"line":61,"column":25}},"61":{"start":{"line":62,"column":0},"end":{"line":62,"column":33}},"62":{"start":{"line":63,"column":0},"end":{"line":63,"column":28}},"63":{"start":{"line":64,"column":0},"end":{"line":64,"column":26}},"64":{"start":{"line":65,"column":0},"end":{"line":65,"column":22}},"65":{"start":{"line":66,"column":0},"end":{"line":66,"column":37}},"66":{"start":{"line":67,"column":0},"end":{"line":67,"column":41}},"67":{"start":{"line":68,"column":0},"end":{"line":68,"column":19}},"68":{"start":{"line":69,"column":0},"end":{"line":69,"column":8}},"69":{"start":{"line":70,"column":0},"end":{"line":70,"column":6}},"70":{"start":{"line":71,"column":0},"end":{"line":71,"column":13}},"71":{"start":{"line":72,"column":0},"end":{"line":72,"column":13}},"72":{"start":{"line":73,"column":0},"end":{"line":73,"column":5}},"73":{"start":{"line":74,"column":0},"end":{"line":74,"column":3}},"74":{"start":{"line":75,"column":0},"end":{"line":75,"column":2}}},"s":{"0":1,"1":1,"2":1,"3":1,"4":1,"5":1,"6":1,"7":1,"8":1,"9":1,"10":1,"11":12,"12":12,"13":12,"14":12,"15":12,"16":12,"17":12,"18":12,"19":1,"20":1,"21":1,"22":1,"23":1,"24":1,"25":1,"26":1,"27":1,"28":12,"29":12,"30":12,"31":12,"32":12,"33":12,"34":12,"35":12,"36":12,"37":12,"38":12,"39":12,"40":12,"41":12,"42":12,"43":12,"44":12,"45":9,"46":12,"47":12,"48":12,"49":12,"50":12,"51":12,"52":12,"53":12,"54":12,"55":12,"56":12,"57":12,"58":12,"59":12,"60":12,"61":12,"62":12,"63":4,"64":5,"65":5,"66":0,"67":12,"68":12,"69":12,"70":12,"71":12,"72":12,"73":12,"74":12},"branchMap":{"0":{"type":"branch","line":11,"loc":{"start":{"line":11,"column":28},"end":{"line":75,"column":2}},"locations":[{"start":{"line":11,"column":28},"end":{"line":75,"column":2}}]},"1":{"type":"branch","line":43,"loc":{"start":{"line":43,"column":5},"end":{"line":43,"column":40}},"locations":[{"start":{"line":43,"column":5},"end":{"line":43,"column":40}}]},"2":{"type":"branch","line":43,"loc":{"start":{"line":43,"column":20},"end":{"line":43,"column":64}},"locations":[{"start":{"line":43,"column":20},"end":{"line":43,"column":64}}]},"3":{"type":"branch","line":45,"loc":{"start":{"line":45,"column":23},"end":{"line":46,"column":7}},"locations":[{"start":{"line":45,"column":23},"end":{"line":46,"column":7}}]},"4":{"type":"branch","line":63,"loc":{"start":{"line":63,"column":16},"end":{"line":64,"column":26}},"locations":[{"start":{"line":63,"column":16},"end":{"line":64,"column":26}}]},"5":{"type":"branch","line":64,"loc":{"start":{"line":64,"column":11},"end":{"line":67,"column":41}},"locations":[{"start":{"line":64,"column":11},"end":{"line":67,"column":41}}]},"6":{"type":"branch","line":66,"loc":{"start":{"line":66,"column":11},"end":{"line":67,"column":41}},"locations":[{"start":{"line":66,"column":11},"end":{"line":67,"column":41}}]},"7":{"type":"branch","line":19,"loc":{"start":{"line":19,"column":28},"end":{"line":28,"column":3}},"locations":[{"start":{"line":19,"column":28},"end":{"line":28,"column":3}}]},"8":{"type":"branch","line":19,"loc":{"start":{"line":19,"column":49},"end":{"line":28,"column":3}},"locations":[{"start":{"line":19,"column":49},"end":{"line":28,"column":3}}]},"9":{"type":"branch","line":47,"loc":{"start":{"line":47,"column":22},"end":{"line":48,"column":8}},"locations":[{"start":{"line":47,"column":22},"end":{"line":48,"column":8}}]},"10":{"type":"branch","line":75,"loc":{"start":{"line":75,"column":1},"end":{"line":75,"column":2}},"locations":[{"start":{"line":75,"column":1},"end":{"line":75,"column":2}}]}},"b":{"0":[12],"1":[0],"2":[9],"3":[9],"4":[4],"5":[5],"6":[0],"7":[27],"8":[1],"9":[27],"10":[3]},"fnMap":{"0":{"name":"MessagesList","decl":{"start":{"line":11,"column":28},"end":{"line":75,"column":2}},"loc":{"start":{"line":11,"column":28},"end":{"line":75,"column":2}},"line":11},"1":{"name":"handleClickOnItem","decl":{"start":{"line":19,"column":28},"end":{"line":28,"column":3}},"loc":{"start":{"line":19,"column":28},"end":{"line":28,"column":3}},"line":19},"2":{"name":"get","decl":{"start":{"line":75,"column":1},"end":{"line":75,"column":2}},"loc":{"start":{"line":75,"column":1},"end":{"line":75,"column":2}},"line":75}},"f":{"0":12,"1":27,"2":3}}
,"/Users/jkancel/root/job/meilleur_agent/frontend-technical-test/front/src/components/features/selectorReactor/selectRealtor.tsx": {"path":"/Users/jkancel/root/job/meilleur_agent/frontend-technical-test/front/src/components/features/selectorReactor/selectRealtor.tsx","all":false,"statementMap":{"0":{"start":{"line":1,"column":0},"end":{"line":1,"column":61}},"1":{"start":{"line":2,"column":0},"end":{"line":2,"column":49}},"2":{"start":{"line":3,"column":0},"end":{"line":3,"column":49}},"3":{"start":{"line":4,"column":0},"end":{"line":4,"column":47}},"4":{"start":{"line":5,"column":0},"end":{"line":5,"column":57}},"5":{"start":{"line":6,"column":0},"end":{"line":6,"column":0}},"6":{"start":{"line":7,"column":0},"end":{"line":7,"column":36}},"7":{"start":{"line":8,"column":0},"end":{"line":8,"column":36}},"8":{"start":{"line":9,"column":0},"end":{"line":9,"column":53}},"9":{"start":{"line":10,"column":0},"end":{"line":10,"column":32}},"10":{"start":{"line":11,"column":0},"end":{"line":11,"column":62}},"11":{"start":{"line":12,"column":0},"end":{"line":12,"column":0}},"12":{"start":{"line":13,"column":0},"end":{"line":13,"column":54}},"13":{"start":{"line":14,"column":0},"end":{"line":14,"column":70}},"14":{"start":{"line":15,"column":0},"end":{"line":15,"column":48}},"15":{"start":{"line":16,"column":0},"end":{"line":16,"column":24}},"16":{"start":{"line":17,"column":0},"end":{"line":17,"column":3}},"17":{"start":{"line":18,"column":0},"end":{"line":18,"column":0}},"18":{"start":{"line":19,"column":0},"end":{"line":19,"column":43}},"19":{"start":{"line":20,"column":0},"end":{"line":20,"column":48}},"20":{"start":{"line":21,"column":0},"end":{"line":21,"column":78}},"21":{"start":{"line":22,"column":0},"end":{"line":22,"column":97}},"22":{"start":{"line":23,"column":0},"end":{"line":23,"column":4}},"23":{"start":{"line":24,"column":0},"end":{"line":24,"column":12}},"24":{"start":{"line":25,"column":0},"end":{"line":25,"column":3}},"25":{"start":{"line":26,"column":0},"end":{"line":26,"column":0}},"26":{"start":{"line":27,"column":0},"end":{"line":27,"column":18}},"27":{"start":{"line":28,"column":0},"end":{"line":28,"column":40}},"28":{"start":{"line":29,"column":0},"end":{"line":29,"column":56}},"29":{"start":{"line":30,"column":0},"end":{"line":30,"column":3}},"30":{"start":{"line":31,"column":0},"end":{"line":31,"column":16}},"31":{"start":{"line":32,"column":0},"end":{"line":32,"column":0}},"32":{"start":{"line":33,"column":0},"end":{"line":33,"column":9}},"33":{"start":{"line":34,"column":0},"end":{"line":34,"column":32}},"34":{"start":{"line":35,"column":0},"end":{"line":35,"column":63}},"35":{"start":{"line":36,"column":0},"end":{"line":36,"column":21}},"36":{"start":{"line":37,"column":0},"end":{"line":37,"column":16}},"37":{"start":{"line":38,"column":0},"end":{"line":38,"column":41}},"38":{"start":{"line":39,"column":0},"end":{"line":39,"column":71}},"39":{"start":{"line":40,"column":0},"end":{"line":40,"column":21}},"40":{"start":{"line":41,"column":0},"end":{"line":41,"column":15}},"41":{"start":{"line":42,"column":0},"end":{"line":42,"column":8}},"42":{"start":{"line":43,"column":0},"end":{"line":43,"column":12}},"43":{"start":{"line":44,"column":0},"end":{"line":44,"column":33}},"44":{"start":{"line":45,"column":0},"end":{"line":45,"column":31}},"45":{"start":{"line":46,"column":0},"end":{"line":46,"column":10}},"46":{"start":{"line":47,"column":0},"end":{"line":47,"column":8}},"47":{"start":{"line":48,"column":0},"end":{"line":48,"column":3}},"48":{"start":{"line":49,"column":0},"end":{"line":49,"column":2}}},"s":{"0":1,"1":1,"2":1,"3":1,"4":1,"5":1,"6":1,"7":13,"8":13,"9":13,"10":13,"11":13,"12":13,"13":5,"14":5,"15":5,"16":5,"17":13,"18":13,"19":13,"20":5,"21":5,"22":5,"23":13,"24":13,"25":13,"26":13,"27":4,"28":0,"29":0,"30":13,"31":13,"32":13,"33":13,"34":13,"35":13,"36":13,"37":11,"38":13,"39":13,"40":13,"41":13,"42":13,"43":13,"44":13,"45":13,"46":13,"47":13,"48":13},"branchMap":{"0":{"type":"branch","line":7,"loc":{"start":{"line":7,"column":29},"end":{"line":49,"column":2}},"locations":[{"start":{"line":7,"column":29},"end":{"line":49,"column":2}}]},"1":{"type":"branch","line":37,"loc":{"start":{"line":37,"column":5},"end":{"line":39,"column":20}},"locations":[{"start":{"line":37,"column":5},"end":{"line":39,"column":20}}]},"2":{"type":"branch","line":13,"loc":{"start":{"line":13,"column":38},"end":{"line":17,"column":3}},"locations":[{"start":{"line":13,"column":38},"end":{"line":17,"column":3}}]},"3":{"type":"branch","line":14,"loc":{"start":{"line":14,"column":40},"end":{"line":14,"column":35}},"locations":[{"start":{"line":14,"column":40},"end":{"line":14,"column":35}}]},"4":{"type":"branch","line":20,"loc":{"start":{"line":20,"column":3},"end":{"line":23,"column":4}},"locations":[{"start":{"line":20,"column":3},"end":{"line":23,"column":4}}]},"5":{"type":"branch","line":22,"loc":{"start":{"line":22,"column":57},"end":{"line":22,"column":78}},"locations":[{"start":{"line":22,"column":57},"end":{"line":22,"column":78}}]},"6":{"type":"branch","line":27,"loc":{"start":{"line":27,"column":11},"end":{"line":31,"column":4}},"locations":[{"start":{"line":27,"column":11},"end":{"line":31,"column":4}}]},"7":{"type":"branch","line":28,"loc":{"start":{"line":28,"column":6},"end":{"line":28,"column":20}},"locations":[{"start":{"line":28,"column":6},"end":{"line":28,"column":20}}]},"8":{"type":"branch","line":28,"loc":{"start":{"line":28,"column":20},"end":{"line":28,"column":39}},"locations":[{"start":{"line":28,"column":20},"end":{"line":28,"column":39}}]},"9":{"type":"branch","line":28,"loc":{"start":{"line":28,"column":39},"end":{"line":30,"column":3}},"locations":[{"start":{"line":28,"column":39},"end":{"line":30,"column":3}}]},"10":{"type":"branch","line":38,"loc":{"start":{"line":38,"column":19},"end":{"line":39,"column":20}},"locations":[{"start":{"line":38,"column":19},"end":{"line":39,"column":20}}]},"11":{"type":"branch","line":49,"loc":{"start":{"line":49,"column":1},"end":{"line":49,"column":2}},"locations":[{"start":{"line":49,"column":1},"end":{"line":49,"column":2}}]}},"b":{"0":[13],"1":[11],"2":[5],"3":[6],"4":[5],"5":[0],"6":[4],"7":[2],"8":[2],"9":[0],"10":[33],"11":[4]},"fnMap":{"0":{"name":"SelectRealtor","decl":{"start":{"line":7,"column":29},"end":{"line":49,"column":2}},"loc":{"start":{"line":7,"column":29},"end":{"line":49,"column":2}},"line":7},"1":{"name":"findAndUpdateCurrentRealtor","decl":{"start":{"line":13,"column":38},"end":{"line":17,"column":3}},"loc":{"start":{"line":13,"column":38},"end":{"line":17,"column":3}},"line":13},"2":{"name":"get","decl":{"start":{"line":49,"column":1},"end":{"line":49,"column":2}},"loc":{"start":{"line":49,"column":1},"end":{"line":49,"column":2}},"line":49}},"f":{"0":13,"1":5,"2":4}}
,"/Users/jkancel/root/job/meilleur_agent/frontend-technical-test/front/src/components/layouts/baseLayout.tsx": {"path":"/Users/jkancel/root/job/meilleur_agent/frontend-technical-test/front/src/components/layouts/baseLayout.tsx","all":false,"statementMap":{"0":{"start":{"line":1,"column":0},"end":{"line":1,"column":56}},"1":{"start":{"line":2,"column":0},"end":{"line":2,"column":27}},"2":{"start":{"line":3,"column":0},"end":{"line":3,"column":42}},"3":{"start":{"line":4,"column":0},"end":{"line":4,"column":0}},"4":{"start":{"line":5,"column":0},"end":{"line":5,"column":34}},"5":{"start":{"line":6,"column":0},"end":{"line":6,"column":0}},"6":{"start":{"line":7,"column":0},"end":{"line":7,"column":68}},"7":{"start":{"line":8,"column":0},"end":{"line":8,"column":36}},"8":{"start":{"line":9,"column":0},"end":{"line":9,"column":55}},"9":{"start":{"line":10,"column":0},"end":{"line":10,"column":12}},"10":{"start":{"line":11,"column":0},"end":{"line":11,"column":41}},"11":{"start":{"line":12,"column":0},"end":{"line":12,"column":13}},"12":{"start":{"line":13,"column":0},"end":{"line":13,"column":9}},"13":{"start":{"line":14,"column":0},"end":{"line":14,"column":7}},"14":{"start":{"line":15,"column":0},"end":{"line":15,"column":2}}},"s":{"0":1,"1":1,"2":1,"3":1,"4":1,"5":1,"6":1,"7":1,"8":1,"9":1,"10":1,"11":1,"12":1,"13":1,"14":1},"branchMap":{"0":{"type":"branch","line":7,"loc":{"start":{"line":7,"column":50},"end":{"line":8,"column":6}},"locations":[{"start":{"line":7,"column":50},"end":{"line":8,"column":6}}]},"1":{"type":"branch","line":8,"loc":{"start":{"line":8,"column":1},"end":{"line":8,"column":6}},"locations":[{"start":{"line":8,"column":1},"end":{"line":8,"column":6}}]}},"b":{"0":[2],"1":[2]},"fnMap":{"0":{"name":"BaseLayout","decl":{"start":{"line":7,"column":50},"end":{"line":8,"column":6}},"loc":{"start":{"line":7,"column":50},"end":{"line":8,"column":6}},"line":7},"1":{"name":"get","decl":{"start":{"line":8,"column":1},"end":{"line":8,"column":6}},"loc":{"start":{"line":8,"column":1},"end":{"line":8,"column":6}},"line":8}},"f":{"0":2,"1":2}}
,"/Users/jkancel/root/job/meilleur_agent/frontend-technical-test/front/src/components/layouts/header.tsx": {"path":"/Users/jkancel/root/job/meilleur_agent/frontend-technical-test/front/src/components/layouts/header.tsx","all":false,"statementMap":{"0":{"start":{"line":1,"column":0},"end":{"line":1,"column":83}},"1":{"start":{"line":2,"column":0},"end":{"line":2,"column":90}},"2":{"start":{"line":3,"column":0},"end":{"line":3,"column":0}},"3":{"start":{"line":4,"column":0},"end":{"line":4,"column":29}},"4":{"start":{"line":5,"column":0},"end":{"line":5,"column":9}},"5":{"start":{"line":6,"column":0},"end":{"line":6,"column":76}},"6":{"start":{"line":7,"column":0},"end":{"line":7,"column":92}},"7":{"start":{"line":8,"column":0},"end":{"line":8,"column":83}},"8":{"start":{"line":9,"column":0},"end":{"line":9,"column":26}},"9":{"start":{"line":10,"column":0},"end":{"line":10,"column":21}},"10":{"start":{"line":11,"column":0},"end":{"line":11,"column":9}},"11":{"start":{"line":12,"column":0},"end":{"line":12,"column":11}},"12":{"start":{"line":13,"column":0},"end":{"line":13,"column":3}},"13":{"start":{"line":14,"column":0},"end":{"line":14,"column":2}}},"s":{"0":1,"1":1,"2":1,"3":1,"4":2,"5":2,"6":2,"7":2,"8":2,"9":2,"10":2,"11":2,"12":2,"13":2},"branchMap":{"0":{"type":"branch","line":4,"loc":{"start":{"line":4,"column":22},"end":{"line":14,"column":2}},"locations":[{"start":{"line":4,"column":22},"end":{"line":14,"column":2}}]},"1":{"type":"branch","line":14,"loc":{"start":{"line":14,"column":1},"end":{"line":14,"column":2}},"locations":[{"start":{"line":14,"column":1},"end":{"line":14,"column":2}}]}},"b":{"0":[2],"1":[2]},"fnMap":{"0":{"name":"Header","decl":{"start":{"line":4,"column":22},"end":{"line":14,"column":2}},"loc":{"start":{"line":4,"column":22},"end":{"line":14,"column":2}},"line":4},"1":{"name":"get","decl":{"start":{"line":14,"column":1},"end":{"line":14,"column":2}},"loc":{"start":{"line":14,"column":1},"end":{"line":14,"column":2}},"line":14}},"f":{"0":2,"1":2}}
,"/Users/jkancel/root/job/meilleur_agent/frontend-technical-test/front/src/components/ui/errorState/errorState.tsx": {"path":"/Users/jkancel/root/job/meilleur_agent/frontend-technical-test/front/src/components/ui/errorState/errorState.tsx","all":false,"statementMap":{"0":{"start":{"line":1,"column":0},"end":{"line":1,"column":28}},"1":{"start":{"line":2,"column":0},"end":{"line":2,"column":72}},"2":{"start":{"line":3,"column":0},"end":{"line":3,"column":7}},"3":{"start":{"line":4,"column":0},"end":{"line":4,"column":9}},"4":{"start":{"line":5,"column":0},"end":{"line":5,"column":92}},"5":{"start":{"line":6,"column":0},"end":{"line":6,"column":21}},"6":{"start":{"line":7,"column":0},"end":{"line":7,"column":12}},"7":{"start":{"line":8,"column":0},"end":{"line":8,"column":3}},"8":{"start":{"line":9,"column":0},"end":{"line":9,"column":2}}},"s":{"0":1,"1":1,"2":1,"3":1,"4":1,"5":1,"6":1,"7":1,"8":1},"branchMap":{"0":{"type":"branch","line":1,"loc":{"start":{"line":1,"column":27},"end":{"line":9,"column":2}},"locations":[{"start":{"line":1,"column":27},"end":{"line":9,"column":2}}]},"1":{"type":"branch","line":9,"loc":{"start":{"line":9,"column":1},"end":{"line":9,"column":2}},"locations":[{"start":{"line":9,"column":1},"end":{"line":9,"column":2}}]}},"b":{"0":[1],"1":[1]},"fnMap":{"0":{"name":"ErrorState","decl":{"start":{"line":1,"column":27},"end":{"line":9,"column":2}},"loc":{"start":{"line":1,"column":27},"end":{"line":9,"column":2}},"line":1},"1":{"name":"get","decl":{"start":{"line":9,"column":1},"end":{"line":9,"column":2}},"loc":{"start":{"line":9,"column":1},"end":{"line":9,"column":2}},"line":9}},"f":{"0":1,"1":1}}
,"/Users/jkancel/root/job/meilleur_agent/frontend-technical-test/front/src/components/ui/home/home.tsx": {"path":"/Users/jkancel/root/job/meilleur_agent/frontend-technical-test/front/src/components/ui/home/home.tsx","all":false,"statementMap":{"0":{"start":{"line":1,"column":0},"end":{"line":1,"column":27}},"1":{"start":{"line":2,"column":0},"end":{"line":2,"column":9}},"2":{"start":{"line":3,"column":0},"end":{"line":3,"column":87}},"3":{"start":{"line":4,"column":0},"end":{"line":4,"column":68}},"4":{"start":{"line":5,"column":0},"end":{"line":5,"column":36}},"5":{"start":{"line":6,"column":0},"end":{"line":6,"column":9}},"6":{"start":{"line":7,"column":0},"end":{"line":7,"column":12}},"7":{"start":{"line":8,"column":0},"end":{"line":8,"column":3}},"8":{"start":{"line":9,"column":0},"end":{"line":9,"column":2}}},"s":{"0":1,"1":3,"2":3,"3":3,"4":3,"5":3,"6":3,"7":3,"8":3},"branchMap":{"0":{"type":"branch","line":1,"loc":{"start":{"line":1,"column":20},"end":{"line":9,"column":2}},"locations":[{"start":{"line":1,"column":20},"end":{"line":9,"column":2}}]},"1":{"type":"branch","line":9,"loc":{"start":{"line":9,"column":1},"end":{"line":9,"column":2}},"locations":[{"start":{"line":9,"column":1},"end":{"line":9,"column":2}}]}},"b":{"0":[3],"1":[3]},"fnMap":{"0":{"name":"Home","decl":{"start":{"line":1,"column":20},"end":{"line":9,"column":2}},"loc":{"start":{"line":1,"column":20},"end":{"line":9,"column":2}},"line":1},"1":{"name":"get","decl":{"start":{"line":9,"column":1},"end":{"line":9,"column":2}},"loc":{"start":{"line":9,"column":1},"end":{"line":9,"column":2}},"line":9}},"f":{"0":3,"1":3}}
,"/Users/jkancel/root/job/meilleur_agent/frontend-technical-test/front/src/components/ui/logos/emailLogo.tsx": {"path":"/Users/jkancel/root/job/meilleur_agent/frontend-technical-test/front/src/components/ui/logos/emailLogo.tsx","all":false,"statementMap":{"0":{"start":{"line":1,"column":0},"end":{"line":1,"column":51}},"1":{"start":{"line":2,"column":0},"end":{"line":2,"column":27}},"2":{"start":{"line":3,"column":0},"end":{"line":3,"column":0}},"3":{"start":{"line":4,"column":0},"end":{"line":4,"column":76}},"4":{"start":{"line":5,"column":0},"end":{"line":5,"column":9}},"5":{"start":{"line":6,"column":0},"end":{"line":6,"column":6}},"6":{"start":{"line":7,"column":0},"end":{"line":7,"column":13}},"7":{"start":{"line":8,"column":0},"end":{"line":8,"column":14}},"8":{"start":{"line":9,"column":0},"end":{"line":9,"column":22}},"9":{"start":{"line":10,"column":0},"end":{"line":10,"column":14}},"10":{"start":{"line":11,"column":0},"end":{"line":11,"column":37}},"11":{"start":{"line":12,"column":0},"end":{"line":12,"column":35}},"12":{"start":{"line":13,"column":0},"end":{"line":13,"column":14}},"13":{"start":{"line":14,"column":0},"end":{"line":14,"column":8}},"14":{"start":{"line":15,"column":0},"end":{"line":15,"column":22}},"15":{"start":{"line":16,"column":0},"end":{"line":16,"column":22}},"16":{"start":{"line":17,"column":0},"end":{"line":17,"column":231}},"17":{"start":{"line":18,"column":0},"end":{"line":18,"column":5}},"18":{"start":{"line":19,"column":0},"end":{"line":19,"column":8}},"19":{"start":{"line":20,"column":0},"end":{"line":20,"column":3}},"20":{"start":{"line":21,"column":0},"end":{"line":21,"column":2}},"21":{"start":{"line":22,"column":0},"end":{"line":22,"column":0}},"22":{"start":{"line":23,"column":0},"end":{"line":23,"column":76}},"23":{"start":{"line":24,"column":0},"end":{"line":24,"column":9}},"24":{"start":{"line":25,"column":0},"end":{"line":25,"column":6}},"25":{"start":{"line":26,"column":0},"end":{"line":26,"column":13}},"26":{"start":{"line":27,"column":0},"end":{"line":27,"column":14}},"27":{"start":{"line":28,"column":0},"end":{"line":28,"column":22}},"28":{"start":{"line":29,"column":0},"end":{"line":29,"column":14}},"29":{"start":{"line":30,"column":0},"end":{"line":30,"column":37}},"30":{"start":{"line":31,"column":0},"end":{"line":31,"column":34}},"31":{"start":{"line":32,"column":0},"end":{"line":32,"column":14}},"32":{"start":{"line":33,"column":0},"end":{"line":33,"column":8}},"33":{"start":{"line":34,"column":0},"end":{"line":34,"column":22}},"34":{"start":{"line":35,"column":0},"end":{"line":35,"column":22}},"35":{"start":{"line":36,"column":0},"end":{"line":36,"column":154}},"36":{"start":{"line":37,"column":0},"end":{"line":37,"column":5}},"37":{"start":{"line":38,"column":0},"end":{"line":38,"column":8}},"38":{"start":{"line":39,"column":0},"end":{"line":39,"column":3}},"39":{"start":{"line":40,"column":0},"end":{"line":40,"column":2}}},"s":{"0":1,"1":1,"2":1,"3":1,"4":10,"5":10,"6":10,"7":10,"8":10,"9":10,"10":10,"11":10,"12":10,"13":10,"14":10,"15":10,"16":10,"17":10,"18":10,"19":10,"20":10,"21":1,"22":1,"23":12,"24":12,"25":12,"26":12,"27":12,"28":12,"29":12,"30":12,"31":12,"32":12,"33":12,"34":12,"35":12,"36":12,"37":12,"38":12,"39":12},"branchMap":{"0":{"type":"branch","line":4,"loc":{"start":{"line":4,"column":49},"end":{"line":21,"column":2}},"locations":[{"start":{"line":4,"column":49},"end":{"line":21,"column":2}}]},"1":{"type":"branch","line":21,"loc":{"start":{"line":21,"column":1},"end":{"line":21,"column":2}},"locations":[{"start":{"line":21,"column":1},"end":{"line":21,"column":2}}]},"2":{"type":"branch","line":23,"loc":{"start":{"line":23,"column":48},"end":{"line":40,"column":2}},"locations":[{"start":{"line":23,"column":48},"end":{"line":40,"column":2}}]},"3":{"type":"branch","line":40,"loc":{"start":{"line":40,"column":1},"end":{"line":40,"column":2}},"locations":[{"start":{"line":40,"column":1},"end":{"line":40,"column":2}}]}},"b":{"0":[10],"1":[10],"2":[12],"3":[13]},"fnMap":{"0":{"name":"EmailCloseLogo","decl":{"start":{"line":4,"column":49},"end":{"line":21,"column":2}},"loc":{"start":{"line":4,"column":49},"end":{"line":21,"column":2}},"line":4},"1":{"name":"get","decl":{"start":{"line":21,"column":1},"end":{"line":21,"column":2}},"loc":{"start":{"line":21,"column":1},"end":{"line":21,"column":2}},"line":21},"2":{"name":"EmailOpenLogo","decl":{"start":{"line":23,"column":48},"end":{"line":40,"column":2}},"loc":{"start":{"line":23,"column":48},"end":{"line":40,"column":2}},"line":23},"3":{"name":"get","decl":{"start":{"line":40,"column":1},"end":{"line":40,"column":2}},"loc":{"start":{"line":40,"column":1},"end":{"line":40,"column":2}},"line":40}},"f":{"0":10,"1":10,"2":12,"3":13}}
,"/Users/jkancel/root/job/meilleur_agent/frontend-technical-test/front/src/components/ui/logos/phoneLogo.tsx": {"path":"/Users/jkancel/root/job/meilleur_agent/frontend-technical-test/front/src/components/ui/logos/phoneLogo.tsx","all":false,"statementMap":{"0":{"start":{"line":1,"column":0},"end":{"line":1,"column":51}},"1":{"start":{"line":2,"column":0},"end":{"line":2,"column":27}},"2":{"start":{"line":3,"column":0},"end":{"line":3,"column":0}},"3":{"start":{"line":4,"column":0},"end":{"line":4,"column":58}},"4":{"start":{"line":5,"column":0},"end":{"line":5,"column":9}},"5":{"start":{"line":6,"column":0},"end":{"line":6,"column":6}},"6":{"start":{"line":7,"column":0},"end":{"line":7,"column":14}},"7":{"start":{"line":8,"column":0},"end":{"line":8,"column":13}},"8":{"start":{"line":9,"column":0},"end":{"line":9,"column":14}},"9":{"start":{"line":10,"column":0},"end":{"line":10,"column":22}},"10":{"start":{"line":11,"column":0},"end":{"line":11,"column":37}},"11":{"start":{"line":12,"column":0},"end":{"line":12,"column":30}},"12":{"start":{"line":13,"column":0},"end":{"line":13,"column":14}},"13":{"start":{"line":14,"column":0},"end":{"line":14,"column":8}},"14":{"start":{"line":15,"column":0},"end":{"line":15,"column":22}},"15":{"start":{"line":16,"column":0},"end":{"line":16,"column":22}},"16":{"start":{"line":17,"column":0},"end":{"line":17,"column":272}},"17":{"start":{"line":18,"column":0},"end":{"line":18,"column":5}},"18":{"start":{"line":19,"column":0},"end":{"line":19,"column":8}},"19":{"start":{"line":20,"column":0},"end":{"line":20,"column":3}},"20":{"start":{"line":21,"column":0},"end":{"line":21,"column":2}}},"s":{"0":1,"1":1,"2":1,"3":1,"4":12,"5":12,"6":12,"7":12,"8":12,"9":12,"10":12,"11":12,"12":12,"13":12,"14":12,"15":12,"16":12,"17":12,"18":12,"19":12,"20":12},"branchMap":{"0":{"type":"branch","line":4,"loc":{"start":{"line":4,"column":44},"end":{"line":21,"column":2}},"locations":[{"start":{"line":4,"column":44},"end":{"line":21,"column":2}}]},"1":{"type":"branch","line":21,"loc":{"start":{"line":21,"column":1},"end":{"line":21,"column":2}},"locations":[{"start":{"line":21,"column":1},"end":{"line":21,"column":2}}]}},"b":{"0":[12],"1":[13]},"fnMap":{"0":{"name":"PhoneLogo","decl":{"start":{"line":4,"column":44},"end":{"line":21,"column":2}},"loc":{"start":{"line":4,"column":44},"end":{"line":21,"column":2}},"line":4},"1":{"name":"get","decl":{"start":{"line":21,"column":1},"end":{"line":21,"column":2}},"loc":{"start":{"line":21,"column":1},"end":{"line":21,"column":2}},"line":21}},"f":{"0":12,"1":13}}
,"/Users/jkancel/root/job/meilleur_agent/frontend-technical-test/front/src/components/ui/logos/unreadMailLogo.tsx": {"path":"/Users/jkancel/root/job/meilleur_agent/frontend-technical-test/front/src/components/ui/logos/unreadMailLogo.tsx","all":false,"statementMap":{"0":{"start":{"line":1,"column":0},"end":{"line":1,"column":37}},"1":{"start":{"line":2,"column":0},"end":{"line":2,"column":9}},"2":{"start":{"line":3,"column":0},"end":{"line":3,"column":6}},"3":{"start":{"line":4,"column":0},"end":{"line":4,"column":13}},"4":{"start":{"line":5,"column":0},"end":{"line":5,"column":14}},"5":{"start":{"line":6,"column":0},"end":{"line":6,"column":22}},"6":{"start":{"line":7,"column":0},"end":{"line":7,"column":14}},"7":{"start":{"line":8,"column":0},"end":{"line":8,"column":37}},"8":{"start":{"line":9,"column":0},"end":{"line":9,"column":35}},"9":{"start":{"line":10,"column":0},"end":{"line":10,"column":14}},"10":{"start":{"line":11,"column":0},"end":{"line":11,"column":34}},"11":{"start":{"line":12,"column":0},"end":{"line":12,"column":9}},"12":{"start":{"line":13,"column":0},"end":{"line":13,"column":23}},"13":{"start":{"line":14,"column":0},"end":{"line":14,"column":23}},"14":{"start":{"line":15,"column":0},"end":{"line":15,"column":76}},"15":{"start":{"line":16,"column":0},"end":{"line":16,"column":19}},"16":{"start":{"line":17,"column":0},"end":{"line":17,"column":6}},"17":{"start":{"line":18,"column":0},"end":{"line":18,"column":57}},"18":{"start":{"line":19,"column":0},"end":{"line":19,"column":7}},"19":{"start":{"line":20,"column":0},"end":{"line":20,"column":9}},"20":{"start":{"line":21,"column":0},"end":{"line":21,"column":30}},"21":{"start":{"line":22,"column":0},"end":{"line":22,"column":49}},"22":{"start":{"line":23,"column":0},"end":{"line":23,"column":15}},"23":{"start":{"line":24,"column":0},"end":{"line":24,"column":10}},"24":{"start":{"line":25,"column":0},"end":{"line":25,"column":8}},"25":{"start":{"line":26,"column":0},"end":{"line":26,"column":3}},"26":{"start":{"line":27,"column":0},"end":{"line":27,"column":2}}},"s":{"0":1,"1":7,"2":7,"3":7,"4":7,"5":7,"6":7,"7":7,"8":7,"9":7,"10":7,"11":7,"12":7,"13":7,"14":7,"15":7,"16":7,"17":7,"18":7,"19":7,"20":7,"21":7,"22":7,"23":7,"24":7,"25":7,"26":7},"branchMap":{"0":{"type":"branch","line":1,"loc":{"start":{"line":1,"column":30},"end":{"line":27,"column":2}},"locations":[{"start":{"line":1,"column":30},"end":{"line":27,"column":2}}]},"1":{"type":"branch","line":27,"loc":{"start":{"line":27,"column":1},"end":{"line":27,"column":2}},"locations":[{"start":{"line":27,"column":1},"end":{"line":27,"column":2}}]}},"b":{"0":[7],"1":[7]},"fnMap":{"0":{"name":"UnreadMailLogo","decl":{"start":{"line":1,"column":30},"end":{"line":27,"column":2}},"loc":{"start":{"line":1,"column":30},"end":{"line":27,"column":2}},"line":1},"1":{"name":"get","decl":{"start":{"line":27,"column":1},"end":{"line":27,"column":2}},"loc":{"start":{"line":27,"column":1},"end":{"line":27,"column":2}},"line":27}},"f":{"0":7,"1":7}}
,"/Users/jkancel/root/job/meilleur_agent/frontend-technical-test/front/src/components/ui/messageListItem/messagesListItem.tsx": {"path":"/Users/jkancel/root/job/meilleur_agent/frontend-technical-test/front/src/components/ui/messageListItem/messagesListItem.tsx","all":false,"statementMap":{"0":{"start":{"line":1,"column":0},"end":{"line":1,"column":49}},"1":{"start":{"line":2,"column":0},"end":{"line":2,"column":61}},"2":{"start":{"line":3,"column":0},"end":{"line":3,"column":48}},"3":{"start":{"line":4,"column":0},"end":{"line":4,"column":0}},"4":{"start":{"line":5,"column":0},"end":{"line":5,"column":67}},"5":{"start":{"line":6,"column":0},"end":{"line":6,"column":47}},"6":{"start":{"line":7,"column":0},"end":{"line":7,"column":0}},"7":{"start":{"line":8,"column":0},"end":{"line":8,"column":30}},"8":{"start":{"line":9,"column":0},"end":{"line":9,"column":18}},"9":{"start":{"line":10,"column":0},"end":{"line":10,"column":29}},"10":{"start":{"line":11,"column":0},"end":{"line":11,"column":2}},"11":{"start":{"line":12,"column":0},"end":{"line":12,"column":0}},"12":{"start":{"line":13,"column":0},"end":{"line":13,"column":24}},"13":{"start":{"line":14,"column":0},"end":{"line":14,"column":25}},"14":{"start":{"line":15,"column":0},"end":{"line":15,"column":19}},"15":{"start":{"line":16,"column":0},"end":{"line":16,"column":12}},"16":{"start":{"line":17,"column":0},"end":{"line":17,"column":1}},"17":{"start":{"line":18,"column":0},"end":{"line":18,"column":0}},"18":{"start":{"line":19,"column":0},"end":{"line":19,"column":61}},"19":{"start":{"line":20,"column":0},"end":{"line":20,"column":9}},"20":{"start":{"line":21,"column":0},"end":{"line":21,"column":26}},"21":{"start":{"line":22,"column":0},"end":{"line":22,"column":7}},"22":{"start":{"line":23,"column":0},"end":{"line":23,"column":64}},"23":{"start":{"line":24,"column":0},"end":{"line":24,"column":59}},"24":{"start":{"line":25,"column":0},"end":{"line":25,"column":67}},"25":{"start":{"line":26,"column":0},"end":{"line":26,"column":0}},"26":{"start":{"line":27,"column":0},"end":{"line":27,"column":9}},"27":{"start":{"line":28,"column":0},"end":{"line":28,"column":10}},"28":{"start":{"line":29,"column":0},"end":{"line":29,"column":96}},"29":{"start":{"line":30,"column":0},"end":{"line":30,"column":55}},"30":{"start":{"line":31,"column":0},"end":{"line":31,"column":24}},"31":{"start":{"line":32,"column":0},"end":{"line":32,"column":47}},"32":{"start":{"line":33,"column":0},"end":{"line":33,"column":70}},"33":{"start":{"line":34,"column":0},"end":{"line":34,"column":9}},"34":{"start":{"line":35,"column":0},"end":{"line":35,"column":34}},"35":{"start":{"line":36,"column":0},"end":{"line":36,"column":42}},"36":{"start":{"line":37,"column":0},"end":{"line":37,"column":52}},"37":{"start":{"line":38,"column":0},"end":{"line":38,"column":60}},"38":{"start":{"line":39,"column":0},"end":{"line":39,"column":12}},"39":{"start":{"line":40,"column":0},"end":{"line":40,"column":76}},"40":{"start":{"line":41,"column":0},"end":{"line":41,"column":10}},"41":{"start":{"line":42,"column":0},"end":{"line":42,"column":0}},"42":{"start":{"line":43,"column":0},"end":{"line":43,"column":57}},"43":{"start":{"line":44,"column":0},"end":{"line":44,"column":8}},"44":{"start":{"line":45,"column":0},"end":{"line":45,"column":91}},"45":{"start":{"line":46,"column":0},"end":{"line":46,"column":22}},"46":{"start":{"line":47,"column":0},"end":{"line":47,"column":9}},"47":{"start":{"line":48,"column":0},"end":{"line":48,"column":79}},"48":{"start":{"line":49,"column":0},"end":{"line":49,"column":75}},"49":{"start":{"line":50,"column":0},"end":{"line":50,"column":9}},"50":{"start":{"line":51,"column":0},"end":{"line":51,"column":10}},"51":{"start":{"line":52,"column":0},"end":{"line":52,"column":9}},"52":{"start":{"line":53,"column":0},"end":{"line":53,"column":12}},"53":{"start":{"line":54,"column":0},"end":{"line":54,"column":3}},"54":{"start":{"line":55,"column":0},"end":{"line":55,"column":2}},"55":{"start":{"line":56,"column":0},"end":{"line":56,"column":0}},"56":{"start":{"line":57,"column":0},"end":{"line":57,"column":34}},"57":{"start":{"line":58,"column":0},"end":{"line":58,"column":17}},"58":{"start":{"line":59,"column":0},"end":{"line":59,"column":14}},"59":{"start":{"line":60,"column":0},"end":{"line":60,"column":2}},"60":{"start":{"line":61,"column":0},"end":{"line":61,"column":0}},"61":{"start":{"line":62,"column":0},"end":{"line":62,"column":90}},"62":{"start":{"line":63,"column":0},"end":{"line":63,"column":49}},"63":{"start":{"line":64,"column":0},"end":{"line":64,"column":0}},"64":{"start":{"line":65,"column":0},"end":{"line":65,"column":18}},"65":{"start":{"line":66,"column":0},"end":{"line":66,"column":46}},"66":{"start":{"line":67,"column":0},"end":{"line":67,"column":14}},"67":{"start":{"line":68,"column":0},"end":{"line":68,"column":0}},"68":{"start":{"line":69,"column":0},"end":{"line":69,"column":16}},"69":{"start":{"line":70,"column":0},"end":{"line":70,"column":15}},"70":{"start":{"line":71,"column":0},"end":{"line":71,"column":37}},"71":{"start":{"line":72,"column":0},"end":{"line":72,"column":10}},"72":{"start":{"line":73,"column":0},"end":{"line":73,"column":58}},"73":{"start":{"line":74,"column":0},"end":{"line":74,"column":2}},"74":{"start":{"line":75,"column":0},"end":{"line":75,"column":2}}},"s":{"0":1,"1":1,"2":1,"3":1,"4":1,"5":1,"6":1,"7":1,"8":1,"9":1,"10":1,"11":1,"12":1,"13":1,"14":1,"15":1,"16":1,"17":1,"18":1,"19":25,"20":25,"21":25,"22":25,"23":25,"24":25,"25":25,"26":25,"27":25,"28":25,"29":25,"30":25,"31":25,"32":25,"33":25,"34":25,"35":25,"36":25,"37":25,"38":25,"39":25,"40":25,"41":25,"42":25,"43":25,"44":25,"45":25,"46":25,"47":25,"48":25,"49":25,"50":25,"51":25,"52":25,"53":25,"54":25,"55":1,"56":1,"57":1,"58":1,"59":1,"60":1,"61":1,"62":33,"63":33,"64":33,"65":11,"66":33,"67":33,"68":33,"69":12,"70":33,"71":21,"72":33,"73":33,"74":33},"branchMap":{"0":{"type":"branch","line":13,"loc":{"start":{"line":13,"column":5},"end":{"line":13,"column":24}},"locations":[{"start":{"line":13,"column":5},"end":{"line":13,"column":24}}]},"1":{"type":"branch","line":19,"loc":{"start":{"line":19,"column":60},"end":{"line":55,"column":2}},"locations":[{"start":{"line":19,"column":60},"end":{"line":55,"column":2}}]},"2":{"type":"branch","line":23,"loc":{"start":{"line":23,"column":31},"end":{"line":23,"column":61}},"locations":[{"start":{"line":23,"column":31},"end":{"line":23,"column":61}}]},"3":{"type":"branch","line":23,"loc":{"start":{"line":23,"column":38},"end":{"line":23,"column":64}},"locations":[{"start":{"line":23,"column":38},"end":{"line":23,"column":64}}]},"4":{"type":"branch","line":24,"loc":{"start":{"line":24,"column":31},"end":{"line":24,"column":56}},"locations":[{"start":{"line":24,"column":31},"end":{"line":24,"column":56}}]},"5":{"type":"branch","line":24,"loc":{"start":{"line":24,"column":38},"end":{"line":24,"column":59}},"locations":[{"start":{"line":24,"column":38},"end":{"line":24,"column":59}}]},"6":{"type":"branch","line":25,"loc":{"start":{"line":25,"column":33},"end":{"line":25,"column":55}},"locations":[{"start":{"line":25,"column":33},"end":{"line":25,"column":55}}]},"7":{"type":"branch","line":25,"loc":{"start":{"line":25,"column":40},"end":{"line":25,"column":67}},"locations":[{"start":{"line":25,"column":40},"end":{"line":25,"column":67}}]},"8":{"type":"branch","line":30,"loc":{"start":{"line":30,"column":4},"end":{"line":30,"column":45}},"locations":[{"start":{"line":30,"column":4},"end":{"line":30,"column":45}}]},"9":{"type":"branch","line":30,"loc":{"start":{"line":30,"column":24},"end":{"line":30,"column":55}},"locations":[{"start":{"line":30,"column":24},"end":{"line":30,"column":55}}]},"10":{"type":"branch","line":49,"loc":{"start":{"line":49,"column":24},"end":{"line":49,"column":52}},"locations":[{"start":{"line":49,"column":24},"end":{"line":49,"column":52}}]},"11":{"type":"branch","line":49,"loc":{"start":{"line":49,"column":42},"end":{"line":49,"column":61}},"locations":[{"start":{"line":49,"column":42},"end":{"line":49,"column":61}}]},"12":{"type":"branch","line":55,"loc":{"start":{"line":55,"column":1},"end":{"line":55,"column":2}},"locations":[{"start":{"line":55,"column":1},"end":{"line":55,"column":2}}]},"13":{"type":"branch","line":62,"loc":{"start":{"line":62,"column":68},"end":{"line":75,"column":2}},"locations":[{"start":{"line":62,"column":68},"end":{"line":75,"column":2}}]},"14":{"type":"branch","line":69,"loc":{"start":{"line":69,"column":9},"end":{"line":71,"column":11}},"locations":[{"start":{"line":69,"column":9},"end":{"line":71,"column":11}}]},"15":{"type":"branch","line":71,"loc":{"start":{"line":71,"column":10},"end":{"line":73,"column":40}},"locations":[{"start":{"line":71,"column":10},"end":{"line":73,"column":40}}]},"16":{"type":"branch","line":73,"loc":{"start":{"line":73,"column":10},"end":{"line":73,"column":20}},"locations":[{"start":{"line":73,"column":10},"end":{"line":73,"column":20}}]},"17":{"type":"branch","line":73,"loc":{"start":{"line":73,"column":19},"end":{"line":73,"column":40}},"locations":[{"start":{"line":73,"column":19},"end":{"line":73,"column":40}}]},"18":{"type":"branch","line":65,"loc":{"start":{"line":65,"column":11},"end":{"line":67,"column":4}},"locations":[{"start":{"line":65,"column":11},"end":{"line":67,"column":4}}]},"19":{"type":"branch","line":66,"loc":{"start":{"line":66,"column":11},"end":{"line":66,"column":34}},"locations":[{"start":{"line":66,"column":11},"end":{"line":66,"column":34}}]},"20":{"type":"branch","line":66,"loc":{"start":{"line":66,"column":20},"end":{"line":66,"column":11}},"locations":[{"start":{"line":66,"column":20},"end":{"line":66,"column":11}}]},"21":{"type":"branch","line":75,"loc":{"start":{"line":75,"column":1},"end":{"line":75,"column":2}},"locations":[{"start":{"line":75,"column":1},"end":{"line":75,"column":2}}]}},"b":{"0":[4],"1":[25],"2":[17],"3":[8],"4":[8],"5":[17],"6":[17],"7":[8],"8":[6],"9":[19],"10":[8],"11":[17],"12":[28],"13":[33],"14":[12],"15":[21],"16":[12],"17":[9],"18":[11],"19":[8],"20":[3],"21":[4]},"fnMap":{"0":{"name":"MessagesListItem","decl":{"start":{"line":19,"column":60},"end":{"line":55,"column":2}},"loc":{"start":{"line":19,"column":60},"end":{"line":55,"column":2}},"line":19},"1":{"name":"get","decl":{"start":{"line":55,"column":1},"end":{"line":55,"column":2}},"loc":{"start":{"line":55,"column":1},"end":{"line":55,"column":2}},"line":55},"2":{"name":"MessagesListItemLogo","decl":{"start":{"line":62,"column":68},"end":{"line":75,"column":2}},"loc":{"start":{"line":62,"column":68},"end":{"line":75,"column":2}},"line":62},"3":{"name":"get","decl":{"start":{"line":75,"column":1},"end":{"line":75,"column":2}},"loc":{"start":{"line":75,"column":1},"end":{"line":75,"column":2}},"line":75}},"f":{"0":25,"1":28,"2":33,"3":4}}
,"/Users/jkancel/root/job/meilleur_agent/frontend-technical-test/front/src/components/ui/spinner/spinner.tsx": {"path":"/Users/jkancel/root/job/meilleur_agent/frontend-technical-test/front/src/components/ui/spinner/spinner.tsx","all":false,"statementMap":{"0":{"start":{"line":1,"column":0},"end":{"line":1,"column":30}},"1":{"start":{"line":2,"column":0},"end":{"line":2,"column":9}},"2":{"start":{"line":3,"column":0},"end":{"line":3,"column":90}},"3":{"start":{"line":4,"column":0},"end":{"line":4,"column":28}},"4":{"start":{"line":5,"column":0},"end":{"line":5,"column":54}},"5":{"start":{"line":6,"column":0},"end":{"line":6,"column":65}},"6":{"start":{"line":7,"column":0},"end":{"line":7,"column":7}},"7":{"start":{"line":8,"column":0},"end":{"line":8,"column":9}},"8":{"start":{"line":9,"column":0},"end":{"line":9,"column":12}},"9":{"start":{"line":10,"column":0},"end":{"line":10,"column":3}},"10":{"start":{"line":11,"column":0},"end":{"line":11,"column":2}}},"s":{"0":1,"1":3,"2":3,"3":3,"4":3,"5":3,"6":3,"7":3,"8":3,"9":3,"10":3},"branchMap":{"0":{"type":"branch","line":1,"loc":{"start":{"line":1,"column":23},"end":{"line":11,"column":2}},"locations":[{"start":{"line":1,"column":23},"end":{"line":11,"column":2}}]},"1":{"type":"branch","line":5,"loc":{"start":{"line":5,"column":44},"end":{"line":6,"column":23}},"locations":[{"start":{"line":5,"column":44},"end":{"line":6,"column":23}}]},"2":{"type":"branch","line":11,"loc":{"start":{"line":11,"column":1},"end":{"line":11,"column":2}},"locations":[{"start":{"line":11,"column":1},"end":{"line":11,"column":2}}]}},"b":{"0":[3],"1":[15],"2":[5]},"fnMap":{"0":{"name":"Spinner","decl":{"start":{"line":1,"column":23},"end":{"line":11,"column":2}},"loc":{"start":{"line":1,"column":23},"end":{"line":11,"column":2}},"line":1},"1":{"name":"get","decl":{"start":{"line":11,"column":1},"end":{"line":11,"column":2}},"loc":{"start":{"line":11,"column":1},"end":{"line":11,"column":2}},"line":11}},"f":{"0":3,"1":5}}
,"/Users/jkancel/root/job/meilleur_agent/frontend-technical-test/front/src/components/ui/unreadMailCountBox/unreadMailCountBox.tsx": {"path":"/Users/jkancel/root/job/meilleur_agent/frontend-technical-test/front/src/components/ui/unreadMailCountBox/unreadMailCountBox.tsx","all":false,"statementMap":{"0":{"start":{"line":1,"column":0},"end":{"line":1,"column":61}},"1":{"start":{"line":2,"column":0},"end":{"line":2,"column":0}},"2":{"start":{"line":3,"column":0},"end":{"line":3,"column":57}},"3":{"start":{"line":4,"column":0},"end":{"line":4,"column":0}},"4":{"start":{"line":5,"column":0},"end":{"line":5,"column":41}},"5":{"start":{"line":6,"column":0},"end":{"line":6,"column":41}},"6":{"start":{"line":7,"column":0},"end":{"line":7,"column":9}},"7":{"start":{"line":8,"column":0},"end":{"line":8,"column":6}},"8":{"start":{"line":9,"column":0},"end":{"line":9,"column":28}},"9":{"start":{"line":10,"column":0},"end":{"line":10,"column":93}},"10":{"start":{"line":11,"column":0},"end":{"line":11,"column":4}},"11":{"start":{"line":12,"column":0},"end":{"line":12,"column":3}},"12":{"start":{"line":13,"column":0},"end":{"line":13,"column":65}},"13":{"start":{"line":14,"column":0},"end":{"line":14,"column":60}},"14":{"start":{"line":15,"column":0},"end":{"line":15,"column":22}},"15":{"start":{"line":16,"column":0},"end":{"line":16,"column":9}},"16":{"start":{"line":17,"column":0},"end":{"line":17,"column":69}},"17":{"start":{"line":18,"column":0},"end":{"line":18,"column":41}},"18":{"start":{"line":19,"column":0},"end":{"line":19,"column":10}},"19":{"start":{"line":20,"column":0},"end":{"line":20,"column":8}},"20":{"start":{"line":21,"column":0},"end":{"line":21,"column":3}},"21":{"start":{"line":22,"column":0},"end":{"line":22,"column":2}}},"s":{"0":1,"1":1,"2":1,"3":1,"4":1,"5":6,"6":6,"7":6,"8":6,"9":6,"10":6,"11":6,"12":6,"13":6,"14":6,"15":6,"16":6,"17":6,"18":6,"19":6,"20":6,"21":6},"branchMap":{"0":{"type":"branch","line":5,"loc":{"start":{"line":5,"column":34},"end":{"line":22,"column":2}},"locations":[{"start":{"line":5,"column":34},"end":{"line":22,"column":2}}]},"1":{"type":"branch","line":10,"loc":{"start":{"line":10,"column":13},"end":{"line":10,"column":64}},"locations":[{"start":{"line":10,"column":13},"end":{"line":10,"column":64}}]},"2":{"type":"branch","line":10,"loc":{"start":{"line":10,"column":60},"end":{"line":10,"column":80}},"locations":[{"start":{"line":10,"column":60},"end":{"line":10,"column":80}}]},"3":{"type":"branch","line":10,"loc":{"start":{"line":10,"column":64},"end":{"line":10,"column":93}},"locations":[{"start":{"line":10,"column":64},"end":{"line":10,"column":93}}]},"4":{"type":"branch","line":18,"loc":{"start":{"line":18,"column":16},"end":{"line":18,"column":41}},"locations":[{"start":{"line":18,"column":16},"end":{"line":18,"column":41}}]},"5":{"type":"branch","line":22,"loc":{"start":{"line":22,"column":1},"end":{"line":22,"column":2}},"locations":[{"start":{"line":22,"column":1},"end":{"line":22,"column":2}}]}},"b":{"0":[6],"1":[3],"2":[3],"3":[3],"4":[3],"5":[4]},"fnMap":{"0":{"name":"UnreadMailCountBox","decl":{"start":{"line":5,"column":34},"end":{"line":22,"column":2}},"loc":{"start":{"line":5,"column":34},"end":{"line":22,"column":2}},"line":5},"1":{"name":"get","decl":{"start":{"line":22,"column":1},"end":{"line":22,"column":2}},"loc":{"start":{"line":22,"column":1},"end":{"line":22,"column":2}},"line":22}},"f":{"0":6,"1":4}}
,"/Users/jkancel/root/job/meilleur_agent/frontend-technical-test/front/src/contexts/realtorProvider.tsx": {"path":"/Users/jkancel/root/job/meilleur_agent/frontend-technical-test/front/src/contexts/realtorProvider.tsx","all":false,"statementMap":{"0":{"start":{"line":1,"column":0},"end":{"line":1,"column":56}},"1":{"start":{"line":2,"column":0},"end":{"line":2,"column":49}},"2":{"start":{"line":3,"column":0},"end":{"line":3,"column":58}},"3":{"start":{"line":4,"column":0},"end":{"line":4,"column":0}},"4":{"start":{"line":5,"column":0},"end":{"line":5,"column":56}},"5":{"start":{"line":6,"column":0},"end":{"line":6,"column":17}},"6":{"start":{"line":7,"column":0},"end":{"line":7,"column":2}},"7":{"start":{"line":8,"column":0},"end":{"line":8,"column":0}},"8":{"start":{"line":9,"column":0},"end":{"line":9,"column":28}},"9":{"start":{"line":10,"column":0},"end":{"line":10,"column":18}},"10":{"start":{"line":11,"column":0},"end":{"line":11,"column":40}},"11":{"start":{"line":12,"column":0},"end":{"line":12,"column":2}},"12":{"start":{"line":13,"column":0},"end":{"line":13,"column":0}},"13":{"start":{"line":14,"column":0},"end":{"line":14,"column":78}},"14":{"start":{"line":15,"column":0},"end":{"line":15,"column":0}},"15":{"start":{"line":16,"column":0},"end":{"line":16,"column":3}},"16":{"start":{"line":17,"column":0},"end":{"line":17,"column":36}},"17":{"start":{"line":18,"column":0},"end":{"line":18,"column":3}},"18":{"start":{"line":19,"column":0},"end":{"line":19,"column":62}},"19":{"start":{"line":20,"column":0},"end":{"line":20,"column":43}},"20":{"start":{"line":21,"column":0},"end":{"line":21,"column":57}},"21":{"start":{"line":22,"column":0},"end":{"line":22,"column":0}},"22":{"start":{"line":23,"column":0},"end":{"line":23,"column":10}},"23":{"start":{"line":24,"column":0},"end":{"line":24,"column":96}},"24":{"start":{"line":25,"column":0},"end":{"line":25,"column":4}},"25":{"start":{"line":26,"column":0},"end":{"line":26,"column":2}},"26":{"start":{"line":27,"column":0},"end":{"line":27,"column":2}},"27":{"start":{"line":28,"column":0},"end":{"line":28,"column":0}},"28":{"start":{"line":29,"column":0},"end":{"line":29,"column":48}}},"s":{"0":1,"1":1,"2":1,"3":1,"4":1,"5":1,"6":1,"7":1,"8":1,"9":1,"10":1,"11":1,"12":1,"13":1,"14":1,"15":1,"16":1,"17":1,"18":1,"19":1,"20":34,"21":34,"22":34,"23":34,"24":34,"25":34,"26":1,"27":1,"28":1},"branchMap":{"0":{"type":"branch","line":14,"loc":{"start":{"line":14,"column":43},"end":{"line":14,"column":58}},"locations":[{"start":{"line":14,"column":43},"end":{"line":14,"column":58}}]},"1":{"type":"branch","line":20,"loc":{"start":{"line":20,"column":2},"end":{"line":26,"column":2}},"locations":[{"start":{"line":20,"column":2},"end":{"line":26,"column":2}}]},"2":{"type":"branch","line":19,"loc":{"start":{"line":19,"column":61},"end":{"line":19,"column":62}},"locations":[{"start":{"line":19,"column":61},"end":{"line":19,"column":62}}]}},"b":{"0":[77],"1":[34],"2":[18]},"fnMap":{"0":{"name":"get","decl":{"start":{"line":14,"column":43},"end":{"line":14,"column":58}},"loc":{"start":{"line":14,"column":43},"end":{"line":14,"column":58}},"line":14},"1":{"name":"get","decl":{"start":{"line":19,"column":61},"end":{"line":19,"column":62}},"loc":{"start":{"line":19,"column":61},"end":{"line":19,"column":62}},"line":19}},"f":{"0":77,"1":18}}
,"/Users/jkancel/root/job/meilleur_agent/frontend-technical-test/front/src/hooks/useIntersectionObserver.ts": {"path":"/Users/jkancel/root/job/meilleur_agent/frontend-technical-test/front/src/hooks/useIntersectionObserver.ts","all":false,"statementMap":{"0":{"start":{"line":1,"column":0},"end":{"line":1,"column":52}},"1":{"start":{"line":2,"column":0},"end":{"line":2,"column":0}},"2":{"start":{"line":3,"column":0},"end":{"line":3,"column":58}},"3":{"start":{"line":4,"column":0},"end":{"line":4,"column":28}},"4":{"start":{"line":5,"column":0},"end":{"line":5,"column":29}},"5":{"start":{"line":6,"column":0},"end":{"line":6,"column":27}},"6":{"start":{"line":7,"column":0},"end":{"line":7,"column":21}},"7":{"start":{"line":8,"column":0},"end":{"line":8,"column":20}},"8":{"start":{"line":9,"column":0},"end":{"line":9,"column":30}},"9":{"start":{"line":10,"column":0},"end":{"line":10,"column":2}},"10":{"start":{"line":11,"column":0},"end":{"line":11,"column":0}},"11":{"start":{"line":12,"column":0},"end":{"line":12,"column":3}},"12":{"start":{"line":13,"column":0},"end":{"line":13,"column":108}},"13":{"start":{"line":14,"column":0},"end":{"line":14,"column":79}},"14":{"start":{"line":15,"column":0},"end":{"line":15,"column":40}},"15":{"start":{"line":16,"column":0},"end":{"line":16,"column":74}},"16":{"start":{"line":17,"column":0},"end":{"line":17,"column":128}},"17":{"start":{"line":18,"column":0},"end":{"line":18,"column":108}},"18":{"start":{"line":19,"column":0},"end":{"line":19,"column":57}},"19":{"start":{"line":20,"column":0},"end":{"line":20,"column":3}},"20":{"start":{"line":21,"column":0},"end":{"line":21,"column":41}},"21":{"start":{"line":22,"column":0},"end":{"line":22,"column":6}},"22":{"start":{"line":23,"column":0},"end":{"line":23,"column":8}},"23":{"start":{"line":24,"column":0},"end":{"line":24,"column":13}},"24":{"start":{"line":25,"column":0},"end":{"line":25,"column":22}},"25":{"start":{"line":26,"column":0},"end":{"line":26,"column":18}},"26":{"start":{"line":27,"column":0},"end":{"line":27,"column":15}},"27":{"start":{"line":28,"column":0},"end":{"line":28,"column":17}},"28":{"start":{"line":29,"column":0},"end":{"line":29,"column":18}},"29":{"start":{"line":30,"column":0},"end":{"line":30,"column":35}},"30":{"start":{"line":31,"column":0},"end":{"line":31,"column":45}},"31":{"start":{"line":32,"column":0},"end":{"line":32,"column":79}},"32":{"start":{"line":33,"column":0},"end":{"line":33,"column":5}},"33":{"start":{"line":34,"column":0},"end":{"line":34,"column":25}},"34":{"start":{"line":35,"column":0},"end":{"line":35,"column":16}},"35":{"start":{"line":36,"column":0},"end":{"line":36,"column":14}},"36":{"start":{"line":37,"column":0},"end":{"line":37,"column":5}},"37":{"start":{"line":38,"column":0},"end":{"line":38,"column":5}},"38":{"start":{"line":39,"column":0},"end":{"line":39,"column":35}},"39":{"start":{"line":40,"column":0},"end":{"line":40,"column":29}},"40":{"start":{"line":41,"column":0},"end":{"line":41,"column":17}},"41":{"start":{"line":42,"column":0},"end":{"line":42,"column":32}},"42":{"start":{"line":43,"column":0},"end":{"line":43,"column":5}},"43":{"start":{"line":44,"column":0},"end":{"line":44,"column":3}},"44":{"start":{"line":45,"column":0},"end":{"line":45,"column":65}},"45":{"start":{"line":46,"column":0},"end":{"line":46,"column":2}}},"s":{"0":1,"1":1,"2":1,"3":1,"4":1,"5":1,"6":1,"7":1,"8":1,"9":1,"10":1,"11":1,"12":1,"13":1,"14":1,"15":1,"16":1,"17":1,"18":1,"19":1,"20":1,"21":9,"22":9,"23":9,"24":9,"25":9,"26":9,"27":9,"28":9,"29":8,"30":8,"31":8,"32":8,"33":8,"34":8,"35":8,"36":8,"37":8,"38":8,"39":8,"40":8,"41":8,"42":8,"43":8,"44":9,"45":9},"branchMap":{"0":{"type":"branch","line":21,"loc":{"start":{"line":21,"column":40},"end":{"line":46,"column":2}},"locations":[{"start":{"line":21,"column":40},"end":{"line":46,"column":2}}]},"1":{"type":"branch","line":29,"loc":{"start":{"line":29,"column":11},"end":{"line":45,"column":4}},"locations":[{"start":{"line":29,"column":11},"end":{"line":45,"column":4}}]},"2":{"type":"branch","line":34,"loc":{"start":{"line":34,"column":11},"end":{"line":34,"column":25}},"locations":[{"start":{"line":34,"column":11},"end":{"line":34,"column":25}}]},"3":{"type":"branch","line":41,"loc":{"start":{"line":41,"column":10},"end":{"line":43,"column":5}},"locations":[{"start":{"line":41,"column":10},"end":{"line":43,"column":5}}]},"4":{"type":"branch","line":46,"loc":{"start":{"line":46,"column":0},"end":{"line":46,"column":2}},"locations":[{"start":{"line":46,"column":0},"end":{"line":46,"column":2}}]}},"b":{"0":[9],"1":[8],"2":[0],"3":[8],"4":[9]},"fnMap":{"0":{"name":"useIntersectionObserver","decl":{"start":{"line":21,"column":40},"end":{"line":46,"column":2}},"loc":{"start":{"line":21,"column":40},"end":{"line":46,"column":2}},"line":21},"1":{"name":"IntersectionObserver.root","decl":{"start":{"line":32,"column":4},"end":{"line":32,"column":79}},"loc":{"start":{"line":32,"column":4},"end":{"line":32,"column":79}},"line":32},"2":{"name":"get","decl":{"start":{"line":46,"column":0},"end":{"line":46,"column":2}},"loc":{"start":{"line":46,"column":0},"end":{"line":46,"column":2}},"line":46}},"f":{"0":9,"1":0,"2":9}}
,"/Users/jkancel/root/job/meilleur_agent/frontend-technical-test/front/src/hooks/useMessages.tsx": {"path":"/Users/jkancel/root/job/meilleur_agent/frontend-technical-test/front/src/hooks/useMessages.tsx","all":false,"statementMap":{"0":{"start":{"line":1,"column":0},"end":{"line":1,"column":49}},"1":{"start":{"line":2,"column":0},"end":{"line":2,"column":63}},"2":{"start":{"line":3,"column":0},"end":{"line":3,"column":45}},"3":{"start":{"line":4,"column":0},"end":{"line":4,"column":56}},"4":{"start":{"line":5,"column":0},"end":{"line":5,"column":67}},"5":{"start":{"line":6,"column":0},"end":{"line":6,"column":0}},"6":{"start":{"line":7,"column":0},"end":{"line":7,"column":56}},"7":{"start":{"line":8,"column":0},"end":{"line":8,"column":0}},"8":{"start":{"line":9,"column":0},"end":{"line":9,"column":74}},"9":{"start":{"line":10,"column":0},"end":{"line":10,"column":13}},"10":{"start":{"line":11,"column":0},"end":{"line":11,"column":27}},"11":{"start":{"line":12,"column":0},"end":{"line":12,"column":22}},"12":{"start":{"line":13,"column":0},"end":{"line":13,"column":23}},"13":{"start":{"line":14,"column":0},"end":{"line":14,"column":25}},"14":{"start":{"line":15,"column":0},"end":{"line":15,"column":2}},"15":{"start":{"line":16,"column":0},"end":{"line":16,"column":0}},"16":{"start":{"line":17,"column":0},"end":{"line":17,"column":3}},"17":{"start":{"line":18,"column":0},"end":{"line":18,"column":57}},"18":{"start":{"line":19,"column":0},"end":{"line":19,"column":30}},"19":{"start":{"line":20,"column":0},"end":{"line":20,"column":3}},"20":{"start":{"line":21,"column":0},"end":{"line":21,"column":54}},"21":{"start":{"line":22,"column":0},"end":{"line":22,"column":41}},"22":{"start":{"line":23,"column":0},"end":{"line":23,"column":42}},"23":{"start":{"line":24,"column":0},"end":{"line":24,"column":34}},"24":{"start":{"line":25,"column":0},"end":{"line":25,"column":13}},"25":{"start":{"line":26,"column":0},"end":{"line":26,"column":92}},"26":{"start":{"line":27,"column":0},"end":{"line":27,"column":11}},"27":{"start":{"line":28,"column":0},"end":{"line":28,"column":13}},"28":{"start":{"line":29,"column":0},"end":{"line":29,"column":3}},"29":{"start":{"line":30,"column":0},"end":{"line":30,"column":26}},"30":{"start":{"line":31,"column":0},"end":{"line":31,"column":23}},"31":{"start":{"line":32,"column":0},"end":{"line":32,"column":27}},"32":{"start":{"line":33,"column":0},"end":{"line":33,"column":17}},"33":{"start":{"line":34,"column":0},"end":{"line":34,"column":3}},"34":{"start":{"line":35,"column":0},"end":{"line":35,"column":3}},"35":{"start":{"line":36,"column":0},"end":{"line":36,"column":0}},"36":{"start":{"line":37,"column":0},"end":{"line":37,"column":30}},"37":{"start":{"line":38,"column":0},"end":{"line":38,"column":47}},"38":{"start":{"line":39,"column":0},"end":{"line":39,"column":3}},"39":{"start":{"line":40,"column":0},"end":{"line":40,"column":0}},"40":{"start":{"line":41,"column":0},"end":{"line":41,"column":55}},"41":{"start":{"line":42,"column":0},"end":{"line":42,"column":0}},"42":{"start":{"line":43,"column":0},"end":{"line":43,"column":78}},"43":{"start":{"line":44,"column":0},"end":{"line":44,"column":2}},"44":{"start":{"line":45,"column":0},"end":{"line":45,"column":0}},"45":{"start":{"line":46,"column":0},"end":{"line":46,"column":70}},"46":{"start":{"line":47,"column":0},"end":{"line":47,"column":30}},"47":{"start":{"line":48,"column":0},"end":{"line":48,"column":2}},"48":{"start":{"line":49,"column":0},"end":{"line":49,"column":0}},"49":{"start":{"line":50,"column":0},"end":{"line":50,"column":3}},"50":{"start":{"line":51,"column":0},"end":{"line":51,"column":88}},"51":{"start":{"line":52,"column":0},"end":{"line":52,"column":36}},"52":{"start":{"line":53,"column":0},"end":{"line":53,"column":3}},"53":{"start":{"line":54,"column":0},"end":{"line":54,"column":65}},"54":{"start":{"line":55,"column":0},"end":{"line":55,"column":41}},"55":{"start":{"line":56,"column":0},"end":{"line":56,"column":35}},"56":{"start":{"line":57,"column":0},"end":{"line":57,"column":43}},"57":{"start":{"line":58,"column":0},"end":{"line":58,"column":95}},"58":{"start":{"line":59,"column":0},"end":{"line":59,"column":13}},"59":{"start":{"line":60,"column":0},"end":{"line":60,"column":20}},"60":{"start":{"line":61,"column":0},"end":{"line":61,"column":3}},"61":{"start":{"line":62,"column":0},"end":{"line":62,"column":41}},"62":{"start":{"line":63,"column":0},"end":{"line":63,"column":2}}},"s":{"0":1,"1":1,"2":1,"3":1,"4":1,"5":1,"6":1,"7":1,"8":1,"9":1,"10":1,"11":1,"12":1,"13":1,"14":1,"15":1,"16":1,"17":1,"18":1,"19":1,"20":1,"21":14,"22":14,"23":14,"24":18,"25":18,"26":0,"27":14,"28":14,"29":14,"30":14,"31":14,"32":14,"33":14,"34":14,"35":14,"36":14,"37":0,"38":0,"39":14,"40":14,"41":14,"42":14,"43":14,"44":1,"45":1,"46":1,"47":1,"48":1,"49":1,"50":1,"51":1,"52":1,"53":1,"54":6,"55":6,"56":6,"57":6,"58":6,"59":6,"60":6,"61":6,"62":6},"branchMap":{"0":{"type":"branch","line":21,"loc":{"start":{"line":21,"column":27},"end":{"line":44,"column":2}},"locations":[{"start":{"line":21,"column":27},"end":{"line":44,"column":2}}]},"1":{"type":"branch","line":41,"loc":{"start":{"line":41,"column":21},"end":{"line":41,"column":53}},"locations":[{"start":{"line":41,"column":21},"end":{"line":41,"column":53}}]},"2":{"type":"branch","line":43,"loc":{"start":{"line":43,"column":20},"end":{"line":43,"column":36}},"locations":[{"start":{"line":43,"column":20},"end":{"line":43,"column":36}}]},"3":{"type":"branch","line":43,"loc":{"start":{"line":43,"column":20},"end":{"line":43,"column":40}},"locations":[{"start":{"line":43,"column":20},"end":{"line":43,"column":40}}]},"4":{"type":"branch","line":24,"loc":{"start":{"line":24,"column":3},"end":{"line":27,"column":11}},"locations":[{"start":{"line":24,"column":3},"end":{"line":27,"column":11}}]},"5":{"type":"branch","line":26,"loc":{"start":{"line":26,"column":22},"end":{"line":27,"column":11}},"locations":[{"start":{"line":26,"column":22},"end":{"line":27,"column":11}}]},"6":{"type":"branch","line":44,"loc":{"start":{"line":44,"column":1},"end":{"line":44,"column":2}},"locations":[{"start":{"line":44,"column":1},"end":{"line":44,"column":2}}]},"7":{"type":"branch","line":54,"loc":{"start":{"line":54,"column":32},"end":{"line":63,"column":2}},"locations":[{"start":{"line":54,"column":32},"end":{"line":63,"column":2}}]},"8":{"type":"branch","line":58,"loc":{"start":{"line":58,"column":2},"end":{"line":58,"column":95}},"locations":[{"start":{"line":58,"column":2},"end":{"line":58,"column":95}}]},"9":{"type":"branch","line":58,"loc":{"start":{"line":58,"column":75},"end":{"line":58,"column":95}},"locations":[{"start":{"line":58,"column":75},"end":{"line":58,"column":95}}]},"10":{"type":"branch","line":63,"loc":{"start":{"line":63,"column":1},"end":{"line":63,"column":2}},"locations":[{"start":{"line":63,"column":1},"end":{"line":63,"column":2}}]}},"b":{"0":[14],"1":[10],"2":[10],"3":[0],"4":[18],"5":[0],"6":[14],"7":[6],"8":[6],"9":[0],"10":[6]},"fnMap":{"0":{"name":"useMessages","decl":{"start":{"line":21,"column":27},"end":{"line":44,"column":2}},"loc":{"start":{"line":21,"column":27},"end":{"line":44,"column":2}},"line":21},"1":{"name":"__vite_ssr_import_3__.default.refreshInterval","decl":{"start":{"line":24,"column":3},"end":{"line":27,"column":11}},"loc":{"start":{"line":24,"column":3},"end":{"line":27,"column":11}},"line":24},"2":{"name":"fetchNextPage","decl":{"start":{"line":37,"column":23},"end":{"line":39,"column":3}},"loc":{"start":{"line":37,"column":23},"end":{"line":39,"column":3}},"line":37},"3":{"name":"get","decl":{"start":{"line":44,"column":1},"end":{"line":44,"column":2}},"loc":{"start":{"line":44,"column":1},"end":{"line":44,"column":2}},"line":44},"4":{"name":"useMessageDetail","decl":{"start":{"line":54,"column":32},"end":{"line":63,"column":2}},"loc":{"start":{"line":54,"column":32},"end":{"line":63,"column":2}},"line":54},"5":{"name":"__vite_ssr_import_2__.default.suspense","decl":{"start":{"line":58,"column":2},"end":{"line":58,"column":95}},"loc":{"start":{"line":58,"column":2},"end":{"line":58,"column":95}},"line":58},"6":{"name":"get","decl":{"start":{"line":63,"column":1},"end":{"line":63,"column":2}},"loc":{"start":{"line":63,"column":1},"end":{"line":63,"column":2}},"line":63}},"f":{"0":14,"1":18,"2":0,"3":14,"4":6,"5":6,"6":6}}
[...]
,"/Users/jkancel/root/job/meilleur_agent/frontend-technical-test/front/src/utils/displayUtils.ts": {"path":"/Users/jkancel/root/job/meilleur_agent/frontend-technical-test/front/src/utils/displayUtils.ts","all":false,"statementMap":{"0":{"start":{"line":1,"column":0},"end":{"line":1,"column":56}},"1":{"start":{"line":2,"column":0},"end":{"line":2,"column":68}},"2":{"start":{"line":3,"column":0},"end":{"line":3,"column":0}},"3":{"start":{"line":4,"column":0},"end":{"line":4,"column":29}},"4":{"start":{"line":5,"column":0},"end":{"line":5,"column":7}},"5":{"start":{"line":6,"column":0},"end":{"line":6,"column":7}},"6":{"start":{"line":7,"column":0},"end":{"line":7,"column":10}},"7":{"start":{"line":8,"column":0},"end":{"line":8,"column":7}},"8":{"start":{"line":9,"column":0},"end":{"line":9,"column":10}},"9":{"start":{"line":10,"column":0},"end":{"line":10,"column":8}},"10":{"start":{"line":11,"column":0},"end":{"line":11,"column":9}},"11":{"start":{"line":12,"column":0},"end":{"line":12,"column":1}},"12":{"start":{"line":13,"column":0},"end":{"line":13,"column":0}},"13":{"start":{"line":14,"column":0},"end":{"line":14,"column":69}},"14":{"start":{"line":15,"column":0},"end":{"line":15,"column":0}},"15":{"start":{"line":16,"column":0},"end":{"line":16,"column":51}},"16":{"start":{"line":17,"column":0},"end":{"line":17,"column":35}},"17":{"start":{"line":18,"column":0},"end":{"line":18,"column":91}},"18":{"start":{"line":19,"column":0},"end":{"line":19,"column":2}},"19":{"start":{"line":20,"column":0},"end":{"line":20,"column":0}},"20":{"start":{"line":21,"column":0},"end":{"line":21,"column":64}},"21":{"start":{"line":22,"column":0},"end":{"line":22,"column":35}},"22":{"start":{"line":23,"column":0},"end":{"line":23,"column":38}},"23":{"start":{"line":24,"column":0},"end":{"line":24,"column":17}},"24":{"start":{"line":25,"column":0},"end":{"line":25,"column":17}},"25":{"start":{"line":26,"column":0},"end":{"line":26,"column":18}},"26":{"start":{"line":27,"column":0},"end":{"line":27,"column":18}},"27":{"start":{"line":28,"column":0},"end":{"line":28,"column":19}},"28":{"start":{"line":29,"column":0},"end":{"line":29,"column":4}},"29":{"start":{"line":30,"column":0},"end":{"line":30,"column":2}},"30":{"start":{"line":31,"column":0},"end":{"line":31,"column":0}},"31":{"start":{"line":32,"column":0},"end":{"line":32,"column":51}},"32":{"start":{"line":33,"column":0},"end":{"line":33,"column":35}},"33":{"start":{"line":34,"column":0},"end":{"line":34,"column":68}},"34":{"start":{"line":35,"column":0},"end":{"line":35,"column":2}},"35":{"start":{"line":36,"column":0},"end":{"line":36,"column":0}},"36":{"start":{"line":37,"column":0},"end":{"line":37,"column":53}},"37":{"start":{"line":38,"column":0},"end":{"line":38,"column":35}},"38":{"start":{"line":39,"column":0},"end":{"line":39,"column":24}},"39":{"start":{"line":40,"column":0},"end":{"line":40,"column":45}},"40":{"start":{"line":41,"column":0},"end":{"line":41,"column":37}},"41":{"start":{"line":42,"column":0},"end":{"line":42,"column":41}},"42":{"start":{"line":43,"column":0},"end":{"line":43,"column":18}},"43":{"start":{"line":44,"column":0},"end":{"line":44,"column":16}},"44":{"start":{"line":45,"column":0},"end":{"line":45,"column":2}},"45":{"start":{"line":46,"column":0},"end":{"line":46,"column":29}},"46":{"start":{"line":47,"column":0},"end":{"line":47,"column":40}},"47":{"start":{"line":48,"column":0},"end":{"line":48,"column":2}},"48":{"start":{"line":49,"column":0},"end":{"line":49,"column":16}},"49":{"start":{"line":50,"column":0},"end":{"line":50,"column":32}},"50":{"start":{"line":51,"column":0},"end":{"line":51,"column":2}},"51":{"start":{"line":52,"column":0},"end":{"line":52,"column":31}},"52":{"start":{"line":53,"column":0},"end":{"line":53,"column":2}}},"s":{"0":1,"1":1,"2":1,"3":1,"4":1,"5":1,"6":1,"7":1,"8":1,"9":1,"10":1,"11":1,"12":1,"13":1,"14":1,"15":1,"16":27,"17":27,"18":1,"19":1,"20":1,"21":2,"22":2,"23":2,"24":2,"25":2,"26":2,"27":2,"28":2,"29":2,"30":1,"31":1,"32":2,"33":2,"34":1,"35":1,"36":1,"37":29,"38":29,"39":29,"40":29,"41":29,"42":29,"43":1,"44":1,"45":29,"46":1,"47":1,"48":29,"49":26,"50":26,"51":26,"52":29},"branchMap":{"0":{"type":"branch","line":2,"loc":{"start":{"line":2,"column":64},"end":{"line":2,"column":68}},"locations":[{"start":{"line":2,"column":64},"end":{"line":2,"column":68}}]},"1":{"type":"branch","line":2,"loc":{"start":{"line":2,"column":64},"end":{"line":2,"column":68}},"locations":[{"start":{"line":2,"column":64},"end":{"line":2,"column":68}}]},"2":{"type":"branch","line":2,"loc":{"start":{"line":2,"column":64},"end":{"line":2,"column":68}},"locations":[{"start":{"line":2,"column":64},"end":{"line":2,"column":68}}]},"3":{"type":"branch","line":4,"loc":{"start":{"line":4,"column":12},"end":{"line":4,"column":29}},"locations":[{"start":{"line":4,"column":12},"end":{"line":4,"column":29}}]},"4":{"type":"branch","line":4,"loc":{"start":{"line":4,"column":12},"end":{"line":4,"column":29}},"locations":[{"start":{"line":4,"column":12},"end":{"line":4,"column":29}}]},"5":{"type":"branch","line":14,"loc":{"start":{"line":14,"column":24},"end":{"line":14,"column":69}},"locations":[{"start":{"line":14,"column":24},"end":{"line":14,"column":69}}]},"6":{"type":"branch","line":14,"loc":{"start":{"line":14,"column":47},"end":{"line":14,"column":64}},"locations":[{"start":{"line":14,"column":47},"end":{"line":14,"column":64}}]},"7":{"type":"branch","line":14,"loc":{"start":{"line":14,"column":56},"end":{"line":14,"column":69}},"locations":[{"start":{"line":14,"column":56},"end":{"line":14,"column":69}}]},"8":{"type":"branch","line":16,"loc":{"start":{"line":16,"column":27},"end":{"line":19,"column":2}},"locations":[{"start":{"line":16,"column":27},"end":{"line":19,"column":2}}]},"9":{"type":"branch","line":19,"loc":{"start":{"line":19,"column":0},"end":{"line":19,"column":2}},"locations":[{"start":{"line":19,"column":0},"end":{"line":19,"column":2}}]},"10":{"type":"branch","line":21,"loc":{"start":{"line":21,"column":40},"end":{"line":30,"column":2}},"locations":[{"start":{"line":21,"column":40},"end":{"line":30,"column":2}}]},"11":{"type":"branch","line":30,"loc":{"start":{"line":30,"column":0},"end":{"line":30,"column":2}},"locations":[{"start":{"line":30,"column":0},"end":{"line":30,"column":2}}]},"12":{"type":"branch","line":32,"loc":{"start":{"line":32,"column":27},"end":{"line":35,"column":2}},"locations":[{"start":{"line":32,"column":27},"end":{"line":35,"column":2}}]},"13":{"type":"branch","line":35,"loc":{"start":{"line":35,"column":0},"end":{"line":35,"column":2}},"locations":[{"start":{"line":35,"column":0},"end":{"line":35,"column":2}}]},"14":{"type":"branch","line":37,"loc":{"start":{"line":37,"column":29},"end":{"line":53,"column":2}},"locations":[{"start":{"line":37,"column":29},"end":{"line":53,"column":2}}]},"15":{"type":"branch","line":43,"loc":{"start":{"line":43,"column":17},"end":{"line":46,"column":5}},"locations":[{"start":{"line":43,"column":17},"end":{"line":46,"column":5}}]},"16":{"type":"branch","line":46,"loc":{"start":{"line":46,"column":1},"end":{"line":46,"column":17}},"locations":[{"start":{"line":46,"column":1},"end":{"line":46,"column":17}}]},"17":{"type":"branch","line":46,"loc":{"start":{"line":46,"column":12},"end":{"line":46,"column":28}},"locations":[{"start":{"line":46,"column":12},"end":{"line":46,"column":28}}]},"18":{"type":"branch","line":46,"loc":{"start":{"line":46,"column":28},"end":{"line":49,"column":5}},"locations":[{"start":{"line":46,"column":28},"end":{"line":49,"column":5}}]},"19":{"type":"branch","line":49,"loc":{"start":{"line":49,"column":1},"end":{"line":49,"column":16}},"locations":[{"start":{"line":49,"column":1},"end":{"line":49,"column":16}}]},"20":{"type":"branch","line":49,"loc":{"start":{"line":49,"column":15},"end":{"line":53,"column":2}},"locations":[{"start":{"line":49,"column":15},"end":{"line":53,"column":2}}]},"21":{"type":"branch","line":52,"loc":{"start":{"line":52,"column":1},"end":{"line":53,"column":2}},"locations":[{"start":{"line":52,"column":1},"end":{"line":53,"column":2}}]},"22":{"type":"branch","line":53,"loc":{"start":{"line":53,"column":0},"end":{"line":53,"column":2}},"locations":[{"start":{"line":53,"column":0},"end":{"line":53,"column":2}}]}},"b":{"0":[17],"1":[0],"2":[17],"3":[5],"4":[1],"5":[58],"6":[27],"7":[31],"8":[27],"9":[1],"10":[2],"11":[2],"12":[2],"13":[1],"14":[29],"15":[1],"16":[28],"17":[27],"18":[1],"19":[27],"20":[26],"21":[1],"22":[29]},"fnMap":{"0":{"name":"truncate","decl":{"start":{"line":2,"column":64},"end":{"line":2,"column":68}},"loc":{"start":{"line":2,"column":64},"end":{"line":2,"column":68}},"line":2},"1":{"name":"get","decl":{"start":{"line":2,"column":64},"end":{"line":2,"column":68}},"loc":{"start":{"line":2,"column":64},"end":{"line":2,"column":68}},"line":2},"2":{"name":"get","decl":{"start":{"line":4,"column":12},"end":{"line":4,"column":29}},"loc":{"start":{"line":4,"column":12},"end":{"line":4,"column":29}},"line":4},"3":{"name":"addZero","decl":{"start":{"line":14,"column":24},"end":{"line":14,"column":69}},"loc":{"start":{"line":14,"column":24},"end":{"line":14,"column":69}},"line":14},"4":{"name":"get","decl":{"start":{"line":14,"column":64},"end":{"line":14,"column":69}},"loc":{"start":{"line":14,"column":64},"end":{"line":14,"column":69}},"line":14},"5":{"name":"formatDate","decl":{"start":{"line":16,"column":27},"end":{"line":19,"column":2}},"loc":{"start":{"line":16,"column":27},"end":{"line":19,"column":2}},"line":16},"6":{"name":"get","decl":{"start":{"line":19,"column":0},"end":{"line":19,"column":2}},"loc":{"start":{"line":19,"column":0},"end":{"line":19,"column":2}},"line":19},"7":{"name":"formatDateToLocalString","decl":{"start":{"line":21,"column":40},"end":{"line":30,"column":2}},"loc":{"start":{"line":21,"column":40},"end":{"line":30,"column":2}},"line":21},"8":{"name":"get","decl":{"start":{"line":30,"column":0},"end":{"line":30,"column":2}},"loc":{"start":{"line":30,"column":0},"end":{"line":30,"column":2}},"line":30},"9":{"name":"formatTime","decl":{"start":{"line":32,"column":27},"end":{"line":35,"column":2}},"loc":{"start":{"line":32,"column":27},"end":{"line":35,"column":2}},"line":32},"10":{"name":"get","decl":{"start":{"line":35,"column":0},"end":{"line":35,"column":2}},"loc":{"start":{"line":35,"column":0},"end":{"line":35,"column":2}},"line":35},"11":{"name":"relativeDate","decl":{"start":{"line":37,"column":29},"end":{"line":53,"column":2}},"loc":{"start":{"line":37,"column":29},"end":{"line":53,"column":2}},"line":37},"12":{"name":"get","decl":{"start":{"line":53,"column":0},"end":{"line":53,"column":2}},"loc":{"start":{"line":53,"column":0},"end":{"line":53,"column":2}},"line":53}},"f":{"0":17,"1":17,"2":1,"3":58,"4":0,"5":27,"6":1,"7":2,"8":2,"9":2,"10":1,"11":29,"12":29}}
,"/Users/jkancel/root/job/meilleur_agent/frontend-technical-test/front/src/utils/errorBoundary.tsx": {"path":"/Users/jkancel/root/job/meilleur_agent/frontend-technical-test/front/src/utils/errorBoundary.tsx","all":false,"statementMap":{"0":{"start":{"line":1,"column":0},"end":{"line":1,"column":66}},"1":{"start":{"line":2,"column":0},"end":{"line":2,"column":56}},"2":{"start":{"line":3,"column":0},"end":{"line":3,"column":45}},"3":{"start":{"line":4,"column":0},"end":{"line":4,"column":36}},"4":{"start":{"line":5,"column":0},"end":{"line":5,"column":0}},"5":{"start":{"line":6,"column":0},"end":{"line":6,"column":47}},"6":{"start":{"line":7,"column":0},"end":{"line":7,"column":28}},"7":{"start":{"line":8,"column":0},"end":{"line":8,"column":2}},"8":{"start":{"line":9,"column":0},"end":{"line":9,"column":0}},"9":{"start":{"line":10,"column":0},"end":{"line":10,"column":27}},"10":{"start":{"line":11,"column":0},"end":{"line":11,"column":19}},"11":{"start":{"line":12,"column":0},"end":{"line":12,"column":2}},"12":{"start":{"line":13,"column":0},"end":{"line":13,"column":0}},"13":{"start":{"line":14,"column":0},"end":{"line":14,"column":86}},"14":{"start":{"line":15,"column":0},"end":{"line":15,"column":41}},"15":{"start":{"line":16,"column":0},"end":{"line":16,"column":15}},"16":{"start":{"line":17,"column":0},"end":{"line":17,"column":35}},"17":{"start":{"line":18,"column":0},"end":{"line":18,"column":2}},"18":{"start":{"line":19,"column":0},"end":{"line":19,"column":0}},"19":{"start":{"line":20,"column":0},"end":{"line":20,"column":48}},"20":{"start":{"line":21,"column":0},"end":{"line":21,"column":63}},"21":{"start":{"line":22,"column":0},"end":{"line":22,"column":28}},"22":{"start":{"line":23,"column":0},"end":{"line":23,"column":2}},"23":{"start":{"line":24,"column":0},"end":{"line":24,"column":0}},"24":{"start":{"line":25,"column":0},"end":{"line":25,"column":56}},"25":{"start":{"line":26,"column":0},"end":{"line":26,"column":34}},"26":{"start":{"line":27,"column":0},"end":{"line":27,"column":43}},"27":{"start":{"line":28,"column":0},"end":{"line":28,"column":2}},"28":{"start":{"line":29,"column":0},"end":{"line":29,"column":0}},"29":{"start":{"line":30,"column":0},"end":{"line":30,"column":11}},"30":{"start":{"line":31,"column":0},"end":{"line":31,"column":28}},"31":{"start":{"line":32,"column":0},"end":{"line":32,"column":48}},"32":{"start":{"line":33,"column":0},"end":{"line":33,"column":3}},"33":{"start":{"line":34,"column":0},"end":{"line":34,"column":29}},"34":{"start":{"line":35,"column":0},"end":{"line":35,"column":2}},"35":{"start":{"line":36,"column":0},"end":{"line":36,"column":1}}},"s":{"0":1,"1":1,"2":1,"3":1,"4":1,"5":1,"6":1,"7":1,"8":1,"9":1,"10":1,"11":1,"12":1,"13":1,"14":1,"15":4,"16":4,"17":4,"18":1,"19":1,"20":0,"21":0,"22":0,"23":1,"24":1,"25":0,"26":0,"27":0,"28":1,"29":1,"30":1,"31":0,"32":0,"33":1,"34":1,"35":1},"branchMap":{"0":{"type":"branch","line":15,"loc":{"start":{"line":15,"column":1},"end":{"line":18,"column":2}},"locations":[{"start":{"line":15,"column":1},"end":{"line":18,"column":2}}]},"1":{"type":"branch","line":31,"loc":{"start":{"line":31,"column":27},"end":{"line":34,"column":9}},"locations":[{"start":{"line":31,"column":27},"end":{"line":34,"column":9}}]},"2":{"type":"branch","line":14,"loc":{"start":{"line":14,"column":85},"end":{"line":14,"column":86}},"locations":[{"start":{"line":14,"column":85},"end":{"line":14,"column":86}}]}},"b":{"0":[4],"1":[0],"2":[4]},"fnMap":{"0":{"name":"ErrorBoundary","decl":{"start":{"line":15,"column":1},"end":{"line":18,"column":2}},"loc":{"start":{"line":15,"column":1},"end":{"line":18,"column":2}},"line":15},"1":{"name":"getDerivedStateFromError","decl":{"start":{"line":20,"column":8},"end":{"line":23,"column":2}},"loc":{"start":{"line":20,"column":8},"end":{"line":23,"column":2}},"line":20},"2":{"name":"componentDidCatch","decl":{"start":{"line":25,"column":1},"end":{"line":28,"column":2}},"loc":{"start":{"line":25,"column":1},"end":{"line":28,"column":2}},"line":25},"3":{"name":"get","decl":{"start":{"line":14,"column":85},"end":{"line":14,"column":86}},"loc":{"start":{"line":14,"column":85},"end":{"line":14,"column":86}},"line":14}},"f":{"0":4,"1":0,"2":0,"3":4}}
,"/Users/jkancel/root/job/meilleur_agent/frontend-technical-test/front/src/utils/swrUtils.ts": {"path":"/Users/jkancel/root/job/meilleur_agent/frontend-technical-test/front/src/utils/swrUtils.ts","all":false,"statementMap":{"0":{"start":{"line":1,"column":0},"end":{"line":1,"column":50}},"1":{"start":{"line":2,"column":0},"end":{"line":2,"column":0}},"2":{"start":{"line":3,"column":0},"end":{"line":3,"column":3}},"3":{"start":{"line":4,"column":0},"end":{"line":4,"column":72}},"4":{"start":{"line":5,"column":0},"end":{"line":5,"column":30}},"5":{"start":{"line":6,"column":0},"end":{"line":6,"column":46}},"6":{"start":{"line":7,"column":0},"end":{"line":7,"column":47}},"7":{"start":{"line":8,"column":0},"end":{"line":8,"column":3}},"8":{"start":{"line":9,"column":0},"end":{"line":9,"column":88}},"9":{"start":{"line":10,"column":0},"end":{"line":10,"column":50}},"10":{"start":{"line":11,"column":0},"end":{"line":11,"column":2}},"11":{"start":{"line":12,"column":0},"end":{"line":12,"column":0}},"12":{"start":{"line":13,"column":0},"end":{"line":13,"column":3}},"13":{"start":{"line":14,"column":0},"end":{"line":14,"column":91}},"14":{"start":{"line":15,"column":0},"end":{"line":15,"column":41}},"15":{"start":{"line":16,"column":0},"end":{"line":16,"column":50}},"16":{"start":{"line":17,"column":0},"end":{"line":17,"column":56}},"17":{"start":{"line":18,"column":0},"end":{"line":18,"column":20}},"18":{"start":{"line":19,"column":0},"end":{"line":19,"column":3}},"19":{"start":{"line":20,"column":0},"end":{"line":20,"column":55}},"20":{"start":{"line":21,"column":0},"end":{"line":21,"column":13}},"21":{"start":{"line":22,"column":0},"end":{"line":22,"column":19}},"22":{"start":{"line":23,"column":0},"end":{"line":23,"column":20}},"23":{"start":{"line":24,"column":0},"end":{"line":24,"column":21}},"24":{"start":{"line":25,"column":0},"end":{"line":25,"column":63}},"25":{"start":{"line":26,"column":0},"end":{"line":26,"column":67}},"26":{"start":{"line":27,"column":0},"end":{"line":27,"column":2}}},"s":{"0":1,"1":1,"2":1,"3":1,"4":1,"5":1,"6":1,"7":1,"8":1,"9":13,"10":48,"11":1,"12":1,"13":1,"14":1,"15":1,"16":1,"17":1,"18":1,"19":1,"20":1,"21":18,"22":18,"23":18,"24":18,"25":18,"26":18},"branchMap":{"0":{"type":"branch","line":9,"loc":{"start":{"line":9,"column":27},"end":{"line":11,"column":2}},"locations":[{"start":{"line":9,"column":27},"end":{"line":11,"column":2}}]},"1":{"type":"branch","line":10,"loc":{"start":{"line":10,"column":33},"end":{"line":10,"column":50}},"locations":[{"start":{"line":10,"column":33},"end":{"line":10,"column":50}}]},"2":{"type":"branch","line":11,"loc":{"start":{"line":11,"column":0},"end":{"line":11,"column":2}},"locations":[{"start":{"line":11,"column":0},"end":{"line":11,"column":2}}]},"3":{"type":"branch","line":21,"loc":{"start":{"line":21,"column":1},"end":{"line":27,"column":2}},"locations":[{"start":{"line":21,"column":1},"end":{"line":27,"column":2}}]},"4":{"type":"branch","line":25,"loc":{"start":{"line":25,"column":5},"end":{"line":25,"column":51}},"locations":[{"start":{"line":25,"column":5},"end":{"line":25,"column":51}}]},"5":{"type":"branch","line":25,"loc":{"start":{"line":25,"column":51},"end":{"line":26,"column":8}},"locations":[{"start":{"line":25,"column":51},"end":{"line":26,"column":8}}]},"6":{"type":"branch","line":27,"loc":{"start":{"line":27,"column":0},"end":{"line":27,"column":2}},"locations":[{"start":{"line":27,"column":0},"end":{"line":27,"column":2}}]}},"b":{"0":[13],"1":[13],"2":[48],"3":[18],"4":[0],"5":[0],"6":[18]},"fnMap":{"0":{"name":"swrFetcher","decl":{"start":{"line":9,"column":27},"end":{"line":11,"column":2}},"loc":{"start":{"line":9,"column":27},"end":{"line":11,"column":2}},"line":9},"1":{"name":"get","decl":{"start":{"line":11,"column":0},"end":{"line":11,"column":2}},"loc":{"start":{"line":11,"column":0},"end":{"line":11,"column":2}},"line":11},"2":{"name":"getPaginationKey","decl":{"start":{"line":21,"column":1},"end":{"line":27,"column":2}},"loc":{"start":{"line":21,"column":1},"end":{"line":27,"column":2}},"line":21},"3":{"name":"get","decl":{"start":{"line":27,"column":0},"end":{"line":27,"column":2}},"loc":{"start":{"line":27,"column":0},"end":{"line":27,"column":2}},"line":27}},"f":{"0":13,"1":48,"2":18,"3":18}}
}}
