{"total": {"lines":{"total":677,"covered":545,"skipped":0,"pct":80.5},"statements":{"total":809,"covered":700,"skipped":0,"pct":81.95},"functions":{"total":238,"covered":193,"skipped":0,"pct":81.09},"branches":{"total":201,"covered":131,"skipped":0,"pct":65.17},"branchesTrue":{"total":0,"covered":0,"skipped":0,"pct":100}}
,"/Users/jkancel/root/job/meilleur_agent/aviv_price-pages/brands/factory/src/index.tsx": {"lines":{"total":4,"covered":4,"skipped":0,"pct":100},"functions":{"total":3,"covered":3,"skipped":0,"pct":100},"statements":{"total":5,"covered":5,"skipped":0,"pct":100},"branches":{"total":0,"covered":0,"skipped":0,"pct":100}}
,"/Users/jkancel/root/job/meilleur_agent/aviv_price-pages/tools/sitemap-generator/src/sitemap-generator-lib.ts": {"lines":{"total":94,"covered":65,"skipped":0,"pct":69.14},"functions":{"total":25,"covered":18,"skipped":0,"pct":72},"statements":{"total":112,"covered":83,"skipped":0,"pct":74.1},"branches":{"total":17,"covered":14,"skipped":0,"pct":82.35}}
,"/Users/jkancel/root/job/meilleur_agent/aviv_price-pages/tools/sitemap-generator/src/sitemap-generator.ts": {"lines":{"total":22,"covered":0,"skipped":0,"pct":0},"functions":{"total":1,"covered":0,"skipped":0,"pct":0},"statements":{"total":22,"covered":0,"skipped":0,"pct":0},"branches":{"total":4,"covered":0,"skipped":0,"pct":0}}
,"/Users/jkancel/root/job/meilleur_agent/aviv_price-pages/white-label/src/adapters/Mapper.ts": {"lines":{"total":3,"covered":3,"skipped":0,"pct":100},"functions":{"total":1,"covered":1,"skipped":0,"pct":100},"statements":{"total":5,"covered":5,"skipped":0,"pct":100},"branches":{"total":0,"covered":0,"skipped":0,"pct":100}}
,"/Users/jkancel/root/job/meilleur_agent/aviv_price-pages/white-label/src/adapters/geo-api/GeoApi.ts": {"lines":{"total":71,"covered":65,"skipped":0,"pct":91.54},"functions":{"total":11,"covered":11,"skipped":0,"pct":100},"statements":{"total":75,"covered":68,"skipped":0,"pct":90.66},"branches":{"total":34,"covered":21,"skipped":0,"pct":61.76}}
,"/Users/jkancel/root/job/meilleur_agent/aviv_price-pages/white-label/src/adapters/geo-api/GeoApiParentsMapper.ts": {"lines":{"total":12,"covered":9,"skipped":0,"pct":75},"functions":{"total":4,"covered":4,"skipped":0,"pct":100},"statements":{"total":13,"covered":10,"skipped":0,"pct":76.92},"branches":{"total":5,"covered":2,"skipped":0,"pct":40}}
,"/Users/jkancel/root/job/meilleur_agent/aviv_price-pages/white-label/src/adapters/geo-api/GeoApiPlaceMapper.ts": {"lines":{"total":3,"covered":3,"skipped":0,"pct":100},"functions":{"total":3,"covered":3,"skipped":0,"pct":100},"statements":{"total":4,"covered":4,"skipped":0,"pct":100},"branches":{"total":18,"covered":17,"skipped":0,"pct":94.44}}
,"/Users/jkancel/root/job/meilleur_agent/aviv_price-pages/white-label/src/adapters/http/HttpClient.ts": {"lines":{"total":37,"covered":36,"skipped":0,"pct":97.29},"functions":{"total":10,"covered":8,"skipped":0,"pct":80},"statements":{"total":41,"covered":38,"skipped":0,"pct":92.68},"branches":{"total":10,"covered":10,"skipped":0,"pct":100}}
,"/Users/jkancel/root/job/meilleur_agent/aviv_price-pages/white-label/src/adapters/http/HttpError.ts": {"lines":{"total":4,"covered":4,"skipped":0,"pct":100},"functions":{"total":2,"covered":2,"skipped":0,"pct":100},"statements":{"total":5,"covered":5,"skipped":0,"pct":100},"branches":{"total":0,"covered":0,"skipped":0,"pct":100}}
,"/Users/jkancel/root/job/meilleur_agent/aviv_price-pages/white-label/src/adapters/http/OAuthHttpClient.ts": {"lines":{"total":22,"covered":2,"skipped":0,"pct":9.09},"functions":{"total":9,"covered":1,"skipped":0,"pct":11.11},"statements":{"total":23,"covered":3,"skipped":0,"pct":13.04},"branches":{"total":5,"covered":0,"skipped":0,"pct":0}}
,"/Users/jkancel/root/job/meilleur_agent/aviv_price-pages/white-label/src/adapters/market-api/MarketApi.ts": {"lines":{"total":52,"covered":25,"skipped":0,"pct":48.07},"functions":{"total":13,"covered":6,"skipped":0,"pct":46.15},"statements":{"total":58,"covered":26,"skipped":0,"pct":44.82},"branches":{"total":21,"covered":3,"skipped":0,"pct":14.28}}
,"/Users/jkancel/root/job/meilleur_agent/aviv_price-pages/white-label/src/adapters/vectortile-api/VectorTileApi.ts": {"lines":{"total":19,"covered":19,"skipped":0,"pct":100},"functions":{"total":6,"covered":6,"skipped":0,"pct":100},"statements":{"total":20,"covered":20,"skipped":0,"pct":100},"branches":{"total":4,"covered":1,"skipped":0,"pct":25}}
,"/Users/jkancel/root/job/meilleur_agent/aviv_price-pages/white-label/src/adapters/vectortile-api/VectorTileApiTileJSONMapper.ts": {"lines":{"total":13,"covered":13,"skipped":0,"pct":100},"functions":{"total":4,"covered":4,"skipped":0,"pct":100},"statements":{"total":15,"covered":15,"skipped":0,"pct":100},"branches":{"total":6,"covered":5,"skipped":0,"pct":83.33}}
,"/Users/jkancel/root/job/meilleur_agent/aviv_price-pages/white-label/src/components/BaseLayout/BaseLayout.tsx": {"lines":{"total":8,"covered":8,"skipped":0,"pct":100},"functions":{"total":2,"covered":2,"skipped":0,"pct":100},"statements":{"total":8,"covered":8,"skipped":0,"pct":100},"branches":{"total":0,"covered":0,"skipped":0,"pct":100}}
,"/Users/jkancel/root/job/meilleur_agent/aviv_price-pages/white-label/src/components/BaseLayout/index.ts": {"lines":{"total":1,"covered":1,"skipped":0,"pct":100},"functions":{"total":1,"covered":1,"skipped":0,"pct":100},"statements":{"total":2,"covered":2,"skipped":0,"pct":100},"branches":{"total":0,"covered":0,"skipped":0,"pct":100}}
,"/Users/jkancel/root/job/meilleur_agent/aviv_price-pages/white-label/src/components/ErrorLayout/ErrorLayout.tsx": {"lines":{"total":3,"covered":3,"skipped":0,"pct":100},"functions":{"total":1,"covered":1,"skipped":0,"pct":100},"statements":{"total":3,"covered":3,"skipped":0,"pct":100},"branches":{"total":0,"covered":0,"skipped":0,"pct":100}}
,"/Users/jkancel/root/job/meilleur_agent/aviv_price-pages/white-label/src/components/ErrorLayout/index.ts": {"lines":{"total":1,"covered":1,"skipped":0,"pct":100},"functions":{"total":1,"covered":1,"skipped":0,"pct":100},"statements":{"total":2,"covered":2,"skipped":0,"pct":100},"branches":{"total":0,"covered":0,"skipped":0,"pct":100}}
,"/Users/jkancel/root/job/meilleur_agent/aviv_price-pages/white-label/src/components/Footer/Footer.tsx": {"lines":{"total":10,"covered":9,"skipped":0,"pct":90},"functions":{"total":6,"covered":5,"skipped":0,"pct":83.33},"statements":{"total":11,"covered":10,"skipped":0,"pct":90.9},"branches":{"total":0,"covered":0,"skipped":0,"pct":100}}
,"/Users/jkancel/root/job/meilleur_agent/aviv_price-pages/white-label/src/components/Map/Map.tsx": {"lines":{"total":18,"covered":18,"skipped":0,"pct":100},"functions":{"total":4,"covered":4,"skipped":0,"pct":100},"statements":{"total":22,"covered":22,"skipped":0,"pct":100},"branches":{"total":3,"covered":3,"skipped":0,"pct":100}}
,"/Users/jkancel/root/job/meilleur_agent/aviv_price-pages/white-label/src/components/Map/MapService.ts": {"lines":{"total":12,"covered":11,"skipped":0,"pct":91.66},"functions":{"total":5,"covered":4,"skipped":0,"pct":80},"statements":{"total":13,"covered":12,"skipped":0,"pct":92.3},"branches":{"total":2,"covered":2,"skipped":0,"pct":100}}
,"/Users/jkancel/root/job/meilleur_agent/aviv_price-pages/white-label/src/components/Map/index.tsx": {"lines":{"total":1,"covered":1,"skipped":0,"pct":100},"functions":{"total":1,"covered":1,"skipped":0,"pct":100},"statements":{"total":2,"covered":2,"skipped":0,"pct":100},"branches":{"total":0,"covered":0,"skipped":0,"pct":100}}
,"/Users/jkancel/root/job/meilleur_agent/aviv_price-pages/white-label/src/components/PriceBlock/PriceBlock.tsx": {"lines":{"total":5,"covered":5,"skipped":0,"pct":100},"functions":{"total":2,"covered":2,"skipped":0,"pct":100},"statements":{"total":6,"covered":6,"skipped":0,"pct":100},"branches":{"total":0,"covered":0,"skipped":0,"pct":100}}
,"/Users/jkancel/root/job/meilleur_agent/aviv_price-pages/white-label/src/components/Searchbox/Searchbox.tsx": {"lines":{"total":12,"covered":8,"skipped":0,"pct":66.66},"functions":{"total":4,"covered":2,"skipped":0,"pct":50},"statements":{"total":13,"covered":9,"skipped":0,"pct":69.23},"branches":{"total":2,"covered":1,"skipped":0,"pct":50}}
,"/Users/jkancel/root/job/meilleur_agent/aviv_price-pages/white-label/src/components/Searchbox/index.tsx": {"lines":{"total":1,"covered":1,"skipped":0,"pct":100},"functions":{"total":1,"covered":1,"skipped":0,"pct":100},"statements":{"total":2,"covered":2,"skipped":0,"pct":100},"branches":{"total":0,"covered":0,"skipped":0,"pct":100}}
,"/Users/jkancel/root/job/meilleur_agent/aviv_price-pages/white-label/src/components/Sidebar/Sidebar.tsx": {"lines":{"total":15,"covered":15,"skipped":0,"pct":100},"functions":{"total":9,"covered":9,"skipped":0,"pct":100},"statements":{"total":15,"covered":15,"skipped":0,"pct":100},"branches":{"total":8,"covered":8,"skipped":0,"pct":100}}
,"/Users/jkancel/root/job/meilleur_agent/aviv_price-pages/white-label/src/components/header/Header.tsx": {"lines":{"total":8,"covered":8,"skipped":0,"pct":100},"functions":{"total":5,"covered":5,"skipped":0,"pct":100},"statements":{"total":9,"covered":9,"skipped":0,"pct":100},"branches":{"total":0,"covered":0,"skipped":0,"pct":100}}
,"/Users/jkancel/root/job/meilleur_agent/aviv_price-pages/white-label/src/components/header/index.tsx": {"lines":{"total":1,"covered":1,"skipped":0,"pct":100},"functions":{"total":1,"covered":1,"skipped":0,"pct":100},"statements":{"total":2,"covered":2,"skipped":0,"pct":100},"branches":{"total":0,"covered":0,"skipped":0,"pct":100}}
,"/Users/jkancel/root/job/meilleur_agent/aviv_price-pages/white-label/src/constants/index.js": {"lines":{"total":1,"covered":1,"skipped":0,"pct":100},"functions":{"total":0,"covered":0,"skipped":0,"pct":100},"statements":{"total":1,"covered":1,"skipped":0,"pct":100},"branches":{"total":0,"covered":0,"skipped":0,"pct":100}}
,"/Users/jkancel/root/job/meilleur_agent/aviv_price-pages/white-label/src/entities/enums/AccommodationType.ts": {"lines":{"total":2,"covered":2,"skipped":0,"pct":100},"functions":{"total":2,"covered":2,"skipped":0,"pct":100},"statements":{"total":6,"covered":6,"skipped":0,"pct":100},"branches":{"total":2,"covered":2,"skipped":0,"pct":100}}
,"/Users/jkancel/root/job/meilleur_agent/aviv_price-pages/white-label/src/entities/enums/Order.ts": {"lines":{"total":2,"covered":2,"skipped":0,"pct":100},"functions":{"total":2,"covered":2,"skipped":0,"pct":100},"statements":{"total":5,"covered":5,"skipped":0,"pct":100},"branches":{"total":2,"covered":2,"skipped":0,"pct":100}}
,"/Users/jkancel/root/job/meilleur_agent/aviv_price-pages/white-label/src/entities/enums/PlaceSort.ts": {"lines":{"total":2,"covered":2,"skipped":0,"pct":100},"functions":{"total":2,"covered":2,"skipped":0,"pct":100},"statements":{"total":8,"covered":8,"skipped":0,"pct":100},"branches":{"total":2,"covered":2,"skipped":0,"pct":100}}
,"/Users/jkancel/root/job/meilleur_agent/aviv_price-pages/white-label/src/entities/enums/PlaceType.ts": {"lines":{"total":2,"covered":2,"skipped":0,"pct":100},"functions":{"total":2,"covered":2,"skipped":0,"pct":100},"statements":{"total":19,"covered":19,"skipped":0,"pct":100},"branches":{"total":2,"covered":2,"skipped":0,"pct":100}}
,"/Users/jkancel/root/job/meilleur_agent/aviv_price-pages/white-label/src/entities/enums/TransactionType.ts": {"lines":{"total":2,"covered":2,"skipped":0,"pct":100},"functions":{"total":2,"covered":2,"skipped":0,"pct":100},"statements":{"total":5,"covered":5,"skipped":0,"pct":100},"branches":{"total":2,"covered":2,"skipped":0,"pct":100}}
,"/Users/jkancel/root/job/meilleur_agent/aviv_price-pages/white-label/src/entities/errors/ApiError.ts": {"lines":{"total":2,"covered":2,"skipped":0,"pct":100},"functions":{"total":2,"covered":2,"skipped":0,"pct":100},"statements":{"total":3,"covered":3,"skipped":0,"pct":100},"branches":{"total":0,"covered":0,"skipped":0,"pct":100}}
,"/Users/jkancel/root/job/meilleur_agent/aviv_price-pages/white-label/src/entities/errors/InactivePlaceError.ts": {"lines":{"total":3,"covered":3,"skipped":0,"pct":100},"functions":{"total":2,"covered":2,"skipped":0,"pct":100},"statements":{"total":4,"covered":4,"skipped":0,"pct":100},"branches":{"total":0,"covered":0,"skipped":0,"pct":100}}
,"/Users/jkancel/root/job/meilleur_agent/aviv_price-pages/white-label/src/entities/errors/PlaceNotFoundError.ts": {"lines":{"total":2,"covered":2,"skipped":0,"pct":100},"functions":{"total":2,"covered":2,"skipped":0,"pct":100},"statements":{"total":3,"covered":3,"skipped":0,"pct":100},"branches":{"total":0,"covered":0,"skipped":0,"pct":100}}
,"/Users/jkancel/root/job/meilleur_agent/aviv_price-pages/white-label/src/entities/repositories/PlaceRepository.ts": {"lines":{"total":1,"covered":1,"skipped":0,"pct":100},"functions":{"total":1,"covered":1,"skipped":0,"pct":100},"statements":{"total":2,"covered":2,"skipped":0,"pct":100},"branches":{"total":0,"covered":0,"skipped":0,"pct":100}}
,"/Users/jkancel/root/job/meilleur_agent/aviv_price-pages/white-label/src/entities/repositories/PriceRepository.ts": {"lines":{"total":3,"covered":3,"skipped":0,"pct":100},"functions":{"total":1,"covered":1,"skipped":0,"pct":100},"statements":{"total":5,"covered":5,"skipped":0,"pct":100},"branches":{"total":0,"covered":0,"skipped":0,"pct":100}}
,"/Users/jkancel/root/job/meilleur_agent/aviv_price-pages/white-label/src/entities/repositories/TileRepository.ts": {"lines":{"total":1,"covered":1,"skipped":0,"pct":100},"functions":{"total":1,"covered":1,"skipped":0,"pct":100},"statements":{"total":2,"covered":2,"skipped":0,"pct":100},"branches":{"total":0,"covered":0,"skipped":0,"pct":100}}
,"/Users/jkancel/root/job/meilleur_agent/aviv_price-pages/white-label/src/helpers/removeNullOrUndefinedAsync.ts": {"lines":{"total":12,"covered":12,"skipped":0,"pct":100},"functions":{"total":3,"covered":3,"skipped":0,"pct":100},"statements":{"total":12,"covered":12,"skipped":0,"pct":100},"branches":{"total":5,"covered":5,"skipped":0,"pct":100}}
,"/Users/jkancel/root/job/meilleur_agent/aviv_price-pages/white-label/src/helpers/dataBuilders/geoPlaceBuilder.ts": {"lines":{"total":6,"covered":4,"skipped":0,"pct":66.66},"functions":{"total":3,"covered":1,"skipped":0,"pct":33.33},"statements":{"total":7,"covered":5,"skipped":0,"pct":71.42},"branches":{"total":0,"covered":0,"skipped":0,"pct":100}}
,"/Users/jkancel/root/job/meilleur_agent/aviv_price-pages/white-label/src/helpers/dataBuilders/marketApi.ts": {"lines":{"total":16,"covered":11,"skipped":0,"pct":68.75},"functions":{"total":12,"covered":6,"skipped":0,"pct":50},"statements":{"total":18,"covered":12,"skipped":0,"pct":66.66},"branches":{"total":0,"covered":0,"skipped":0,"pct":100}}
,"/Users/jkancel/root/job/meilleur_agent/aviv_price-pages/white-label/src/helpers/dataBuilders/placeBuilder.ts": {"lines":{"total":13,"covered":6,"skipped":0,"pct":46.15},"functions":{"total":4,"covered":2,"skipped":0,"pct":50},"statements":{"total":17,"covered":7,"skipped":0,"pct":41.17},"branches":{"total":2,"covered":0,"skipped":0,"pct":0}}
,"/Users/jkancel/root/job/meilleur_agent/aviv_price-pages/white-label/src/helpers/geo/placeType.ts": {"lines":{"total":15,"covered":11,"skipped":0,"pct":73.33},"functions":{"total":9,"covered":5,"skipped":0,"pct":55.55},"statements":{"total":15,"covered":11,"skipped":0,"pct":73.33},"branches":{"total":6,"covered":1,"skipped":0,"pct":16.66}}
,"/Users/jkancel/root/job/meilleur_agent/aviv_price-pages/white-label/src/hooks/useMapbox/useMapbox.ts": {"lines":{"total":15,"covered":15,"skipped":0,"pct":100},"functions":{"total":3,"covered":3,"skipped":0,"pct":100},"statements":{"total":16,"covered":16,"skipped":0,"pct":100},"branches":{"total":2,"covered":2,"skipped":0,"pct":100}}
,"/Users/jkancel/root/job/meilleur_agent/aviv_price-pages/white-label/src/hooks/usePlaceSearch/usePlaceSearch.ts": {"lines":{"total":14,"covered":14,"skipped":0,"pct":100},"functions":{"total":3,"covered":3,"skipped":0,"pct":100},"statements":{"total":15,"covered":15,"skipped":0,"pct":100},"branches":{"total":0,"covered":0,"skipped":0,"pct":100}}
,"/Users/jkancel/root/job/meilleur_agent/aviv_price-pages/white-label/src/test-helpers/initTestsMetas.ts": {"lines":{"total":19,"covered":19,"skipped":0,"pct":100},"functions":{"total":15,"covered":15,"skipped":0,"pct":100},"statements":{"total":27,"covered":27,"skipped":0,"pct":100},"branches":{"total":7,"covered":7,"skipped":0,"pct":100}}
,"/Users/jkancel/root/job/meilleur_agent/aviv_price-pages/white-label/src/test-helpers/renderWithProviders.tsx": {"lines":{"total":7,"covered":7,"skipped":0,"pct":100},"functions":{"total":3,"covered":3,"skipped":0,"pct":100},"statements":{"total":8,"covered":8,"skipped":0,"pct":100},"branches":{"total":0,"covered":0,"skipped":0,"pct":100}}
,"/Users/jkancel/root/job/meilleur_agent/aviv_price-pages/white-label/src/use-cases/fixtures.ts": {"lines":{"total":8,"covered":8,"skipped":0,"pct":100},"functions":{"total":7,"covered":5,"skipped":0,"pct":71.42},"statements":{"total":15,"covered":13,"skipped":0,"pct":86.66},"branches":{"total":0,"covered":0,"skipped":0,"pct":100}}
,"/Users/jkancel/root/job/meilleur_agent/aviv_price-pages/white-label/src/use-cases/GetPlaceParents/GetPlaceParents.ts": {"lines":{"total":12,"covered":12,"skipped":0,"pct":100},"functions":{"total":3,"covered":3,"skipped":0,"pct":100},"statements":{"total":14,"covered":14,"skipped":0,"pct":100},"branches":{"total":6,"covered":5,"skipped":0,"pct":83.33}}
,"/Users/jkancel/root/job/meilleur_agent/aviv_price-pages/white-label/src/use-cases/GetPlaceTile/GetPlaceTile.ts": {"lines":{"total":5,"covered":5,"skipped":0,"pct":100},"functions":{"total":3,"covered":3,"skipped":0,"pct":100},"statements":{"total":7,"covered":7,"skipped":0,"pct":100},"branches":{"total":2,"covered":1,"skipped":0,"pct":50}}
,"/Users/jkancel/root/job/meilleur_agent/aviv_price-pages/white-label/src/use-cases/GetPlacesLayer/GetPlacesLayer.ts": {"lines":{"total":5,"covered":5,"skipped":0,"pct":100},"functions":{"total":3,"covered":3,"skipped":0,"pct":100},"statements":{"total":7,"covered":7,"skipped":0,"pct":100},"branches":{"total":2,"covered":1,"skipped":0,"pct":50}}
,"/Users/jkancel/root/job/meilleur_agent/aviv_price-pages/white-label/src/use-cases/GetPricePageContext/GetPricePageContext.ts": {"lines":{"total":15,"covered":15,"skipped":0,"pct":100},"functions":{"total":3,"covered":3,"skipped":0,"pct":100},"statements":{"total":16,"covered":16,"skipped":0,"pct":100},"branches":{"total":7,"covered":4,"skipped":0,"pct":57.14}}
,"/Users/jkancel/root/job/meilleur_agent/aviv_price-pages/white-label/src/use-cases/GetPricePageContextForAddress/GetPricePageContextForAddress.ts": {"lines":{"total":14,"covered":14,"skipped":0,"pct":100},"functions":{"total":3,"covered":3,"skipped":0,"pct":100},"statements":{"total":15,"covered":15,"skipped":0,"pct":100},"branches":{"total":5,"covered":3,"skipped":0,"pct":60}}
,"/Users/jkancel/root/job/meilleur_agent/aviv_price-pages/white-label/src/use-cases/GetPricePageContextForCountry/GetPricePageContextForCountry.ts": {"lines":{"total":18,"covered":18,"skipped":0,"pct":100},"functions":{"total":3,"covered":3,"skipped":0,"pct":100},"statements":{"total":19,"covered":19,"skipped":0,"pct":100},"branches":{"total":5,"covered":3,"skipped":0,"pct":60}}
,"/Users/jkancel/root/job/meilleur_agent/aviv_price-pages/white-label/src/use-cases/PlaceSearchAutocomplete/PlaceSearchAutocomplete.ts": {"lines":{"total":8,"covered":8,"skipped":0,"pct":100},"functions":{"total":4,"covered":4,"skipped":0,"pct":100},"statements":{"total":10,"covered":10,"skipped":0,"pct":100},"branches":{"total":3,"covered":2,"skipped":0,"pct":66.66}}
}
